1.777598e+01       H2 1 
9.543264e+00     HCO+ 1 
5.756498e+00       CO 1 
4.812806e+00      H3+ 1 
4.360478e+00       O2 1 
3.244465e+00      He+ 1 
2.773515e+00       N2 1 
2.654652e+00       Mg 1 
2.483542e+00        H 1 
2.319325e+00      H2+ 1 
2.258702e+00      SO2 1 
2.019809e+00       He 1 
2.012330e+00    HC3O+ 1 
2.005375e+00      Mg+ 1 
2.000167e+00      Fe+ 1 
1.997154e+00      OH+ 1 
1.995671e+00       O+ 1 
1.995310e+00       N+ 1 
1.918996e+00      C3O 1 
1.835457e+00     NH4+ 1 
1.813664e+00       H+ 1 
1.754796e+00      SO+ 1 
1.744328e+00      NH+ 1 
1.727446e+00       Fe 1 
1.548281e+00     H2O+ 1 
1.392815e+00     NH2+ 1 
1.382236e+00      NH3 1 
1.371882e+00     N2H+ 1 
1.314887e+00    HCO2+ 1 
1.303467e+00        C 1 
1.288447e+00        O 1 
1.134658e+00        S 1 
1.120431e+00      CO2 1 
1.012794e+00     NH3+ 1 
1.008603e+00     SO2+ 1 
9.426424e-01      H2O 1 
9.005075e-01     H3O+ 1 
8.168467e-01       OH 1 
7.424485e-01      O2+ 1 
7.418973e-01      HCO 1 
7.232846e-01       SO 1 
6.216360e-01       C+ 1 
4.499640e-01    HSO2+ 1 
1.112952e-02     HSO+ 0 
1.102310e-02       S+ 0 
4.208655e-03        N 0 
3.616082e-03       NO 0 
2.079159e-03      CO+ 0 
1.657788e-03      N2+ 0 
1.327640e-03      NH2 0 
5.566576e-04      C2H 0 
4.066056e-04     C4H2 0 
2.210769e-04       NH 0 
7.725123e-05       CS 0 
3.771333e-05     CO2+ 0 
1.426893e-05       HS 0 
8.887751e-06     C2H2 0 
8.013174e-06      C3H 0 
6.733612e-06      C4H 0 
2.636893e-06    C2H3+ 0 
1.671517e-06     HC3N 0 
1.227139e-06    C4H2+ 0 
9.818824e-07      CH3 0 
5.944897e-07   CH3CCH 0 
5.606166e-07    C2H2+ 0 
5.068671e-07       CN 0 
4.420805e-07      CH4 0 
2.477311e-07     HCS+ 0 
2.384952e-07       C2 0 
1.769148e-07     CH5+ 0 
1.694335e-07      HCN 0 
1.679034e-07       CH 0 
1.246110e-07      NS+ 0 
8.597445e-08     C4H+ 0 
7.656921e-08   CH2CO+ 0 
6.041786e-08   H3C3O+ 0 
5.809232e-08   HC3NH+ 0 
5.241805e-08    C3H5+ 0 
2.584862e-08    C3H2+ 0 
1.177581e-08    H3CO+ 0 
1.106623e-08    HCNH+ 0 
7.165302e-09     CH3+ 0 
6.872990e-09     C2H+ 0 
6.761899e-09      NO+ 0 
6.694898e-09     C3H+ 0 
6.692020e-09      C4+ 0 
5.789606e-09   CH2CCH 0 
3.775252e-09  CH2CCH+ 0 
3.529479e-09    HC2O+ 0 
3.199792e-09     CH2+ 0 
2.218664e-09     H2CO 0 
1.827696e-09       C3 0 
1.442868e-09      CH2 0 
1.416873e-09    H3CS+ 0 
1.286358e-09    H2CS+ 0 
1.271845e-09     H2CS 0 
1.074737e-09      C3N 0 
4.917988e-10      HS+ 0 
3.552507e-10      HNC 0 
3.321419e-10     C3O+ 0 
3.067490e-10      SiO 0 
3.053490e-10     H2S+ 0 
2.401235e-10      HCS 0 
1.498839e-10    CH2CO 0 
4.700049e-11    C2H4+ 0 
3.811124e-11    HC3N+ 0 
3.493792e-11    SiOH+ 0 
2.953373e-11    HOCS+ 0 
2.145872e-11   CH3CO+ 0 
1.696788e-11       Si 0 
1.242046e-11     C2H3 0 
1.019258e-11       NS 0 
9.257852e-12     CH4+ 0 
7.797358e-12      OCS 0 
7.362924e-12      C3+ 0 
5.383585e-12     H3S+ 0 
3.678566e-12      C2+ 0 
2.477518e-12    H2NC+ 0 
2.260533e-12      S2+ 0 
1.995754e-12      CH+ 0 
1.040124e-12    H2CO+ 0 
1.832367e-13      C2S 0 
1.600629e-13     OCS+ 0 
5.580803e-14    HC2S+ 0 
4.270427e-14      H2S 0 
2.934981e-14      CS+ 0 
1.228211e-14  CH3CCH+ 0 
1.142097e-14     SiO2 0 
6.848604e-15     HCN+ 0 
1.217390e-15     C2N+ 0 
1.016981e-15    CH3CN 0 
9.149716e-16     CNC+ 0 
6.138534e-16      SiH 0 
6.583913e-17  CH3CNH+ 0 
5.451375e-17     C3N+ 0 
3.045648e-17      Si+ 0 
1.320158e-17   C3H2O+ 0 
8.888831e-18       C4 0 
2.250297e-18   CH3CN+ 0 
1.708459e-18      CN+ 0 
4.642785e-19  CH3OH2+ 0 
2.381624e-19      SiN 0 
1.604547e-19     C3H2 0 
1.360165e-20  CH3C3NH+ 0 
4.081183e-21    SiH2+ 0 
3.296576e-21     SiO+ 0 
3.776964e-22     C3S+ 0 
1.160185e-22      C3S 0 
6.843380e-23    CH3OH 0 
5.393621e-23       S2 0 
6.141820e-24    HC3S+ 0 
2.678943e-25     HNS+ 0 
8.111391e-26     C2O+ 0 
3.919310e-26   CH3OH+ 0 
2.885019e-27     SiS+ 0 
1.230301e-29    H2S2+ 0 
2.205666e-30     C2S+ 0 
8.366033e-31     SiH+ 0 
1.966283e-31    HNSi+ 0 
1.729582e-32     SiN+ 0 
1.895866e-34      C7+ 0 
2.239189e-35     SiH2 0 
1.833253e-35    SiH3+ 0 
1.518783e-35     HNSi 0 
1.266052e-35      SiC 0 
2.229553e-36    HCSi+ 0 
1.877670e-36     SiC+ 0 
4.073650e-39    SiH5+ 0 
9.865540e-40     SiH4 0 
1.257036e-40     SiH3 0 
9.320255e-41    HSiS+ 0 
3.509201e-41      SiS 0 
2.566135e-42     HCSi 0 
3.357839e-50    SiH4+ 0 
0.000000e+00    SiH4+ 0 
