5.655439e+00      e- 1   
3.109731e+00       H 1
1.002131e+00       C 1
3.625930e+00       O 1
1.660958e+00      OH 1
1.840542e+01      H2 1
5.515616e+00     H2O 1
2.972488e+00      O2 1
3.453188e+00      CO 1
1.787268e+00     NH3 1
1.491366e+00      NO 1
2.019812e+00      He 1
1.729682e+00       N 1
1.021222e+00      NH 1
1.957274e+00     NH2 1
1.195988e+00    C2H2 1
3.945900e+00      N2 1
2.147156e+00     C3O 1
1.370914e+00      H+ 1
5.646364e-01      C+ 1
1.806353e+00      O+ 1
1.530649e+00     OH+ 1
2.272713e+00     H2+ 1
1.008363e+00    H2O+ 1
1.411144e+00     O2+ 1
7.874011e-01    NH3+ 1
5.078526e+00     He+ 1
2.173301e+00    HCO+ 1
1.681716e+00      N+ 1
1.749579e+00     NH+ 1
1.805483e+00    NH2+ 1
2.271439e+00   C2H2+ 1
1.363067e+00   C2H3+ 1
1.009627e+00     N2+ 1
3.531522e+00     H3+ 1
2.339083e+00    NH4+ 1
4.932526e+00    H3O+ 1
1.015902e+00   C2H4+ 1
8.979988e-01    N2H+ 1
2.093143e+00   HC3O+ 1
1.046890e+01      e- 1
3.413521e+00       H 1
4.260267e+00       O 1
1.243458e+00      OH 1
1.675347e+01      H2 1
1.146791e+00     H2O 1
2.525657e+00      O2 1
6.073488e+00      CO 1
1.472136e+00     NH3 1
1.575296e+00      NO 1
2.019810e+00      He 1
9.762045e-01     HCO 1
1.674895e+00       N 1
1.168675e+00      NH 1
1.994137e+00     NH2 1
2.613607e+00      Mg 1
3.371543e+00      N2 1
1.272684e+00     CO2 1
1.937131e+00     C3O 1
1.926997e+00      Fe 1
1.400642e+00      H+ 1
5.559257e-01      C+ 1
2.001412e+00      O+ 1
1.999771e+00     OH+ 1
2.286433e+00     H2+ 1
1.376914e+00    H2O+ 1
7.478748e-01     O2+ 1
1.004248e+00    NH3+ 1
3.934473e+00     He+ 1
9.703268e+00    HCO+ 1
1.993973e+00      N+ 1
1.757719e+00     NH+ 1
1.595213e+00    NH2+ 1
2.005141e+00     Mg+ 1
2.000142e+00     Fe+ 1
3.722997e+00     H3+ 1
2.340729e+00    NH4+ 1
7.193619e-01    H3O+ 1
1.238436e+00    N2H+ 1
1.316253e+00   HCO2+ 1
2.048993e+00   HC3O+ 1
1.929258e+00      e- 1
4.730922e+00       H 1
1.338768e+00       O 1
2.932044e+00      OH 1
1.208438e+01      H2 1
4.302005e+00     H2O 1
3.162470e+00      O2 1
3.251916e+00      CO 1
3.158724e+00     NH3 1
9.523702e-01      NO 1
2.019833e+00      He 1
1.609459e+00       N 1
9.849994e-01      NH 1
2.147096e+00     NH2 1
4.015482e+00      N2 1
6.501026e-01     CO2 1
7.173257e-01      C+ 1
2.006384e+00     H2+ 1
4.511499e+00     He+ 1
1.500570e+00    HCO+ 1
1.991561e+00      N+ 1
7.596714e-01     NH+ 1
1.019787e+00     N2+ 1
2.883040e+00     H3+ 1
1.929258e+00    NH4+ 1
2.138081e+00    H3O+ 1
1.058974e+00    N2H+ 1
