     H2       0     H2+      e-       0       0
     H2       0      H+       H      e-       0
     He       0     He+      e-       0       0
   H3O+      e-     H2O       H       0       0
   H3O+      e-       O      H2       H       0
   H3O+      e-      OH      H2       0       0
   H3O+      e-      OH       H       H       0
   NH4+      e-     NH2      H2       0       0
   NH4+      e-     NH2       H       H       0
   NH4+      e-     NH3       H       0       0
    SO+      e-       S       O       0       0
    Fe+      e-      Fe       0       0       0
    Mg+      e-      Mg       0       0       0
     H2       0      H+       H      e-       0
      H       H      H2       0       0       0
      H       H      H2       0       0       0
     H+     H2O    H2O+       H       0       0
     H+      O2     O2+       H       0       0
     H+     SO2    SO2+       H       0       0
   H3O+      e-     H2O       H       0       0
   H3O+      e-      OH       H       H       0
   H3O+      e-      OH       H       H       0
   NH4+      e-     NH2       H       H       0
   NH4+      e-     NH2       H       H       0
   NH4+      e-     NH3       H       0       0
     C+     H2O    HCO+       H       0       0
    H2+      CO    HCO+       H       0       0
    H2+      H2     H3+       H       0       0
    H2+     H2O    H3O+       H       0       0
    H2+      N2    N2H+       H       0       0
     H2     CO+    HCO+       H       0       0
     H2    CO2+   HCO2+       H       0       0
     H2    H2O+    H3O+       H       0       0
     H2     He+      He      H+       H       0
     H2      N+     NH+       H       0       0
     H2     N2+    N2H+       H       0       0
     H2     NH+    NH2+       H       0       0
     H2    NH2+    NH3+       H       0       0
     H2    NH3+    NH4+       H       0       0
     H2      O+     OH+       H       0       0
     H2     OH+    H2O+       H       0       0
     H2    SO2+   HSO2+       H       0       0
    He+     H2O     OH+      He       H       0
     H2     NH2     NH3       H       0       0
     H2       O      OH       H       0       0
     H2      OH     H2O       H       0       0
      H     H2O      OH      H2       0       0
      H     NH2      NH      H2       0       0
      H     NH3     NH2      H2       0       0
      H      O2      OH       O       0       0
     OH      CO     CO2       H       0       0
     C+      Fe     Fe+       C       0       0
     C+      Mg     Mg+       C       0       0
     C+     NH3    NH3+       C       0       0
     C+      NO     NO+       C       0       0
    He+     CO2     O2+       C      He       0
     N+      CO     NO+       C       0       0
      C      O2      CO       O       0       0
      C     SO2      CO      SO       0       0
     O+     H2O    H2O+       O       0       0
     C+      O2     CO+       O       0       0
     H+     CO2    HCO+       O       0       0
    He+     CO2     CO+       O      He       0
    He+      CO       O      C+      He       0
    He+      O2      O+       O      He       0
    He+     SO2     SO+       O      He       0
     O2      S+     SO+       O       0       0
    OH+      CO    HCO+       O       0       0
    OH+     H2O    H3O+       O       0       0
      C      O2      CO       O       0       0
     H2       O      OH       H       0       0
      H      O2      OH       O       0       0
      N      NO      N2       O       0       0
      N      O2      NO       O       0       0
     O2       S      SO       O       0       0
     O2      SO     SO2       O       0       0
    OH+     H2O    H2O+      OH       0       0
   H3O+      e-      OH      H2       0       0
   H3O+      e-      OH       H       H       0
   H2O+      CO    HCO+      OH       0       0
   H2O+     H2O    H3O+      OH       0       0
    He+     H2O      OH      He      H+       0
   NH3+     H2O    NH4+      OH       0       0
     H2       O      OH       H       0       0
     H2      OH     H2O       H       0       0
      H     H2O      OH      H2       0       0
      H      O2      OH       O       0       0
    NH2      NO      N2      OH       H       0
     NH      O2      NO      OH       0       0
     OH      CO     CO2       H       0       0
     OH     NH3     H2O     NH2       0       0
     H2       0     H2+      e-       0       0
     H2       0      H+       H      e-       0
      H       H      H2       0       0       0
    H2+      CO     CO+      H2       0       0
    H2+     H2O    H2O+      H2       0       0
    H2+      O2     O2+      H2       0       0
     H2     He+      He     H2+       0       0
   H3O+      e-      OH      H2       0       0
   NH4+      e-     NH2      H2       0       0
    H2+      H2     H3+       H       0       0
     H2     CO+    HCO+       H       0       0
     H2    CO2+   HCO2+       H       0       0
     H2    H2O+    H3O+       H       0       0
     H2     He+      He      H+       H       0
     H2      N+     NH+       H       0       0
     H2     N2+    N2H+       H       0       0
     H2     NH+       N     H3+       0       0
     H2     NH+    NH2+       H       0       0
     H2    NH2+    NH3+       H       0       0
     H2    NH3+    NH4+       H       0       0
     H2      O+     OH+       H       0       0
     H2     OH+    H2O+       H       0       0
     H2    SO2+   HSO2+       H       0       0
    H3+     CO2   HCO2+      H2       0       0
    H3+      CO    HCO+      H2       0       0
    H3+     H2O    H3O+      H2       0       0
    H3+      N2    N2H+      H2       0       0
    H3+     NH3    NH4+      H2       0       0
    H3+     SO2   HSO2+      H2       0       0
     H2     NH2     NH3       H       0       0
     H2       O      OH       H       0       0
     H2      OH     H2O       H       0       0
      H     H2O      OH      H2       0       0
      H     NH2      NH      H2       0       0
      H     NH3     NH2      H2       0       0
     H+     H2O    H2O+       H       0       0
    H2+     H2O    H2O+      H2       0       0
    H2O     CO+      CO    H2O+       0       0
    He+     H2O    H2O+      He       0       0
     N+     H2O    H2O+       N       0       0
     O+     H2O    H2O+       O       0       0
    OH+     H2O    H2O+      OH       0       0
   H3O+      e-     H2O       H       0       0
     C+     H2O    HCO+       H       0       0
    H2+     H2O    H3O+       H       0       0
   H2O+     H2O    H3O+      OH       0       0
    H2O    HCO+      CO    H3O+       0       0
    H2O   HCO2+     CO2    H3O+       0       0
    H2O   HSO2+     SO2    H3O+       0       0
    H2O    N2H+      N2    H3O+       0       0
    H3+     H2O    H3O+      H2       0       0
    He+     H2O     OH+      He       H       0
    He+     H2O      OH      He      H+       0
   NH2+     H2O    H3O+      NH       0       0
   NH3+     H2O    NH4+      OH       0       0
    NH3    H3O+    NH4+     H2O       0       0
    OH+     H2O    H3O+       O       0       0
     H2      OH     H2O       H       0       0
      H     H2O      OH      H2       0       0
    NH2      NO      N2     H2O       0       0
     OH     NH3     H2O     NH2       0       0
     H+      O2     O2+       H       0       0
    H2+      O2     O2+      H2       0       0
    He+      O2     O2+      He       0       0
     Mg     O2+      O2     Mg+       0       0
    NH3     O2+      O2    NH3+       0       0
     NO     O2+      O2     NO+       0       0
    O2+      Fe     Fe+      O2       0       0
     C+      O2     CO+       O       0       0
     C+      O2      CO      O+       0       0
    He+     CO2      O2      C+      He       0
    He+      O2      O+       O      He       0
    He+     SO2      S+      O2      He       0
     O+     SO2     SO+      O2       0       0
     O2      S+     SO+       O       0       0
      C      O2      CO       O       0       0
      H      O2      OH       O       0       0
      N      O2      NO       O       0       0
     NH      O2      NO      OH       0       0
     O2       S      SO       O       0       0
     O2      SO     SO2       O       0       0
    H2+      CO     CO+      H2       0       0
    H2O     CO+      CO    H2O+       0       0
     N+      CO     CO+       N       0       0
     C+     CO2     CO+      CO       0       0
     C+      O2      CO      O+       0       0
     C+     SO2     SO+      CO       0       0
     CO   HCO2+     CO2    HCO+       0       0
     CO    N2H+    HCO+      N2       0       0
     CO    SO2+     SO+     CO2       0       0
    H2+      CO    HCO+       H       0       0
   H2O+      CO    HCO+      OH       0       0
    H2O    HCO+      CO    H3O+       0       0
    H3+      CO    HCO+      H2       0       0
    He+     CO2      CO      O+      He       0
    He+      CO       O      C+      He       0
    NH3    HCO+      CO    NH4+       0       0
    OH+      CO    HCO+       O       0       0
      C      O2      CO       O       0       0
      C     SO2      CO      SO       0       0
      H     HCO      CO      H2       0       0
      N     CO2      NO      CO       0       0
     OH      CO     CO2       H       0       0
     C+     NH3    NH3+       C       0       0
    NH3     O2+      O2    NH3+       0       0
    NH3      S+       S    NH3+       0       0
    NH3     SO+      SO    NH3+       0       0
   NH4+      e-     NH3       H       0       0
    H3+     NH3    NH4+      H2       0       0
    He+     NH3    NH2+      He       H       0
   NH3+     NH3    NH4+     NH2       0       0
    NH3    H3O+    NH4+     H2O       0       0
    NH3    HCO+      CO    NH4+       0       0
     H2     NH2     NH3       H       0       0
      H     NH3     NH2      H2       0       0
     OH     NH3     H2O     NH2       0       0
     Mg     NO+      NO     Mg+       0       0
    NO+      Fe     Fe+      NO       0       0
     NO     O2+      O2     NO+       0       0
     NO      S+       S     NO+       0       0
     N+      O2      NO      O+       0       0
      N     CO2      NO      CO       0       0
      N      NO      N2       O       0       0
      N      O2      NO       O       0       0
    NH2      NO      N2     H2O       0       0
    NH2      NO      N2      OH       H       0
     NH      NO      N2      OH       0       0
     NH      O2      NO      OH       0       0
     He       0     He+      e-       0       0
     H2     He+      He     H2+       0       0
    He+     CO2    CO2+      He       0       0
    He+     H2O    H2O+      He       0       0
    He+      N2     N2+      He       0       0
    He+     NH3    NH3+      He       0       0
    He+      O2     O2+      He       0       0
    He+     SO2    SO2+      He       0       0
     H2     He+      He      H+       H       0
    He+     CO2     CO+       O      He       0
    He+     CO2      CO      O+      He       0
    He+     CO2     O2+       C      He       0
    He+     CO2      O2      C+      He       0
    He+      CO       O      C+      He       0
    He+     H2O     OH+      He       H       0
    He+     H2O      OH      He      H+       0
    He+      N2      N+       N      He       0
    He+     NH3     NH+      He      H2       0
    He+     NH3    NH2+      He       H       0
    He+      O2      O+       O      He       0
    He+     SO2      S+      O2      He       0
    He+     SO2     SO+       O      He       0
   HCO+      Fe     Fe+     HCO       0       0
     Mg    HCO+     HCO     Mg+       0       0
    NH+     CO2     NO+     HCO       0       0
      H     HCO      CO      H2       0       0
    HCO      O2     CO2      OH       0       0
     N+     CO2    CO2+       N       0       0
     N+      CO     CO+       N       0       0
     N+     H2O    H2O+       N       0       0
     N+      O2     O2+       N       0       0
    NO+      e-       O       N       0       0
     H2     NH+       N     H3+       0       0
    He+      N2      N+       N      He       0
    NH+      CO    HCO+       N       0       0
    NH+     H2O    H3O+       N       0       0
    NH+      N2    N2H+       N       0       0
      H      NH       N      H2       0       0
      N     CO2      NO      CO       0       0
      N      NO      N2       O       0       0
      N      O2      NO       O       0       0
    NH+     H2O    H2O+      NH       0       0
    NH+      O2     O2+      NH       0       0
   NH3+      e-      NH       H       H       0
   NH2+     H2O    H3O+      NH       0       0
   NH2+     NH3    NH4+      NH       0       0
     H2      NH     NH2       H       0       0
      H     NH2      NH      H2       0       0
      H      NH       N      H2       0       0
     NH      NO      N2      OH       0       0
     NH      O2      NO      OH       0       0
      O     NH2      OH      NH       0       0
   NH4+      e-     NH2      H2       0       0
   NH4+      e-     NH2       H       H       0
   NH3+     NH3    NH4+     NH2       0       0
     H2     NH2     NH3       H       0       0
      H     NH2      NH      H2       0       0
      H     NH3     NH2      H2       0       0
    NH2      NO      N2     H2O       0       0
    NH2      NO      N2      OH       H       0
     OH     NH3     H2O     NH2       0       0
     C+      Mg     Mg+       C       0       0
     H+      Mg     Mg+       H       0       0
   H2O+      Mg     Mg+     H2O       0       0
     Mg    HCO+     HCO     Mg+       0       0
     Mg     NO+      NO     Mg+       0       0
     Mg     O2+      O2     Mg+       0       0
     Mg      S+       S     Mg+       0       0
     Mg     SO+      SO     Mg+       0       0
   NH3+      Mg     Mg+     NH3       0       0
    H3+      Mg     Mg+      H2       H       0
    Mg+      e-      Mg       0       0       0
    H2O     N2+      N2    H2O+       0       0
    He+      N2     N2+      He       0       0
     CO    N2H+    HCO+      N2       0       0
    H2+      N2    N2H+       H       0       0
    H2O    N2H+      N2    H3O+       0       0
    H3+      N2    N2H+      H2       0       0
    He+      N2      N+       N      He       0
   N2H+     CO2   HCO2+      N2       0       0
    NH3    N2H+      N2    NH4+       0       0
    OH+      N2    N2H+       O       0       0
      N      NO      N2       O       0       0
    NH2      NO      N2     H2O       0       0
    NH2      NO      N2      OH       H       0
     NH      NO      N2      OH       0       0
     Mg      S+       S     Mg+       0       0
    NH3      S+       S    NH3+       0       0
     NO      S+       S     NO+       0       0
     S+      Fe     Fe+       S       0       0
    SO+      e-       S       O       0       0
      N      SO       S      NO       0       0
     O2       S      SO       O       0       0
    CO+     CO2    CO2+      CO       0       0
    He+     CO2    CO2+      He       0       0
     N+     CO2    CO2+       N       0       0
     C+     CO2     CO+      CO       0       0
     CO   HCO2+     CO2    HCO+       0       0
     CO    SO2+     SO+     CO2       0       0
     H+     CO2    HCO+       O       0       0
    H2+     CO2   HCO2+       H       0       0
    H2O   HCO2+     CO2    H3O+       0       0
    H3+     CO2   HCO2+      H2       0       0
    He+     CO2     CO+       O      He       0
    He+     CO2      CO      O+      He       0
    He+     CO2     O2+       C      He       0
    He+     CO2      O2      C+      He       0
   N2H+     CO2   HCO2+      N2       0       0
    NH3   HCO2+     CO2    NH4+       0       0
     O+     CO2     O2+      CO       0       0
    OH+     CO2   HCO2+       O       0       0
    HCO      O2     CO2      OH       0       0
      N     CO2      NO      CO       0       0
     OH      CO     CO2       H       0       0
     Mg     SO+      SO     Mg+       0       0
    NH3     SO+      SO    NH3+       0       0
    SO+      Fe     Fe+      SO       0       0
      C     SO2      CO      SO       0       0
     O2       S      SO       O       0       0
     O2      SO     SO2       O       0       0
     C+      Fe     Fe+       C       0       0
     H+      Fe     Fe+       H       0       0
   HCO+      Fe     Fe+     HCO       0       0
   NH3+      Fe     Fe+     NH3       0       0
    NO+      Fe     Fe+      NO       0       0
    O2+      Fe     Fe+      O2       0       0
     S+      Fe     Fe+       S       0       0
    SO+      Fe     Fe+      SO       0       0
    H3+      Fe     Fe+      H2       H       0
    Fe+      e-      Fe       0       0       0
     H+     SO2    SO2+       H       0       0
    He+     SO2    SO2+      He       0       0
     O+     SO2    SO2+       O       0       0
     O2    SO2+     SO2     O2+       0       0
     C+     SO2     SO+      CO       0       0
    CO+     SO2     SO+     CO2       0       0
   H2O+     SO2   HSO2+      OH       0       0
    H2O   HSO2+     SO2    H3O+       0       0
    H3+     SO2   HSO2+      H2       0       0
    He+     SO2      S+      O2      He       0
    He+     SO2     SO+       O      He       0
    NH3   HSO2+     SO2    NH4+       0       0
      C     SO2      CO      SO       0       0
     O2      SO     SO2       O       0       0
     H2       0      H+       H      e-       0
      H       0      H+      e-       0       0
     H+     H2O    H2O+       H       0       0
     H+     NH3    NH3+       H       0       0
     H+      O2     O2+       H       0       0
     H+     SO2    SO2+       H       0       0
      H     H2+      H2      H+       0       0
     H+     CO2    HCO+       O       0       0
     H2     He+      He      H+       H       0
    He+     H2O      OH      He      H+       0
     C+      Fe     Fe+       C       0       0
     C+      Mg     Mg+       C       0       0
     C+     NH3    NH3+       C       0       0
     C+     CO2     CO+      CO       0       0
     C+     H2O    HCO+       H       0       0
     C+      O2     CO+       O       0       0
     C+      O2      CO      O+       0       0
     C+     SO2     SO+      CO       0       0
    He+     CO2      O2      C+      He       0
    He+      CO       O      C+      He       0
     O+     H2O    H2O+       O       0       0
     O+     SO2    SO2+       O       0       0
     C+      O2      CO      O+       0       0
     H2      O+     OH+       H       0       0
    He+     CO2      CO      O+      He       0
    He+      O2      O+       O      He       0
    OH+     H2O    H2O+      OH       0       0
    OH+      O2     O2+      OH       0       0
     H2      O+     OH+       H       0       0
     H2     OH+    H2O+       H       0       0
    He+     H2O     OH+      He       H       0
    OH+     CO2   HCO2+       O       0       0
    OH+      CO    HCO+       O       0       0
    OH+     H2O    H3O+       O       0       0
    OH+      N2    N2H+       O       0       0
     H2       0     H2+      e-       0       0
    H2+      CO     CO+      H2       0       0
    H2+     H2O    H2O+      H2       0       0
    H2+      O2     O2+      H2       0       0
     H2     He+      He     H2+       0       0
    H2+     CO2   HCO2+       H       0       0
    H2+      CO    HCO+       H       0       0
    H2+      H2     H3+       H       0       0
    H2+     H2O    H3O+       H       0       0
    H2+      N2    N2H+       H       0       0
     H+     H2O    H2O+       H       0       0
    H2+     H2O    H2O+      H2       0       0
   H2O+      O2     O2+     H2O       0       0
    H2O     CO+      CO    H2O+       0       0
    H2O     N2+      N2    H2O+       0       0
    He+     H2O    H2O+      He       0       0
     N+     H2O    H2O+       N       0       0
    NH+     H2O    H2O+      NH       0       0
     O+     H2O    H2O+       O       0       0
    OH+     H2O    H2O+      OH       0       0
     H2    H2O+    H3O+       H       0       0
     H2     OH+    H2O+       H       0       0
   H2O+      CO    HCO+      OH       0       0
   H2O+     H2O    H3O+      OH       0       0
   H2O+     SO2   HSO2+      OH       0       0
    CO+      O2     O2+      CO       0       0
     H+      O2     O2+       H       0       0
    H2+      O2     O2+      H2       0       0
   H2O+      O2     O2+     H2O       0       0
    He+      O2     O2+      He       0       0
     Mg     O2+      O2     Mg+       0       0
     N+      O2     O2+       N       0       0
    NH+      O2     O2+      NH       0       0
    NH3     O2+      O2    NH3+       0       0
     NO     O2+      O2     NO+       0       0
     O+      O2     O2+       O       0       0
    O2+      Fe     Fe+      O2       0       0
     O2    SO2+     SO2     O2+       0       0
    OH+      O2     O2+      OH       0       0
    O2+      e-       O       O       0       0
    He+     CO2     O2+       C      He       0
     O+     CO2     O2+      CO       0       0
    CO+     CO2    CO2+      CO       0       0
    CO+      O2     O2+      CO       0       0
     CO     N2+      N2     CO+       0       0
    H2+      CO     CO+      H2       0       0
    H2O     CO+      CO    H2O+       0       0
     N+      CO     CO+       N       0       0
     C+     CO2     CO+      CO       0       0
     C+      O2     CO+       O       0       0
    CO+     SO2     SO+     CO2       0       0
     H2     CO+    HCO+       H       0       0
    H2O     CO+    HCO+      OH       0       0
    He+     CO2     CO+       O      He       0
     C+     NH3    NH3+       C       0       0
     H+     NH3    NH3+       H       0       0
    H2+     NH3    NH3+      H2       0       0
    He+     NH3    NH3+      He       0       0
   NH3+      Fe     Fe+     NH3       0       0
   NH3+      Mg     Mg+     NH3       0       0
    NH3     O2+      O2    NH3+       0       0
    NH3      S+       S    NH3+       0       0
    NH3     SO+      SO    NH3+       0       0
     H2    NH2+    NH3+       H       0       0
     H2    NH3+    NH4+       H       0       0
    NH+     H2O    NH3+       O       0       0
   NH2+     H2O    NH3+      OH       0       0
   NH3+     H2O    NH4+      OH       0       0
   NH3+     NH3    NH4+     NH2       0       0
     C+      NO     NO+       C       0       0
     H+      NO     NO+       H       0       0
    H2+      NO     NO+      H2       0       0
     Mg     NO+      NO     Mg+       0       0
   NH3+      NO     NO+     NH3       0       0
    NO+      Fe     Fe+      NO       0       0
     NO     O2+      O2     NO+       0       0
     NO      S+       S     NO+       0       0
    NO+      e-       O       N       0       0
     N+      CO     NO+       C       0       0
     N+      O2     NO+       O       0       0
    NH+     CO2     NO+     HCO       0       0
    NH+      O2     NO+      OH       0       0
     O+      N2     NO+       N       0       0
     He       0     He+      e-       0       0
     H2     He+      He     H2+       0       0
    He+     CO2    CO2+      He       0       0
    He+     H2O    H2O+      He       0       0
    He+      N2     N2+      He       0       0
    He+     NH3    NH3+      He       0       0
    He+      O2     O2+      He       0       0
    He+     SO2    SO2+      He       0       0
     H2     He+      He      H+       H       0
    He+     CO2     CO+       O      He       0
    He+     CO2      CO      O+      He       0
    He+     CO2     O2+       C      He       0
    He+     CO2      O2      C+      He       0
    He+      CO       O      C+      He       0
    He+     H2O     OH+      He       H       0
    He+     H2O      OH      He      H+       0
    He+      N2      N+       N      He       0
    He+     NH3     NH+      He      H2       0
    He+     NH3    NH2+      He       H       0
    He+      O2      O+       O      He       0
    He+     SO2      S+      O2      He       0
    He+     SO2     SO+       O      He       0
     Mg    HCO+     HCO     Mg+       0       0
     C+     H2O    HCO+       H       0       0
     CO   HCO2+     CO2    HCO+       0       0
     CO    N2H+    HCO+      N2       0       0
     H+     CO2    HCO+       O       0       0
    H2+      CO    HCO+       H       0       0
     H2     CO+    HCO+       H       0       0
   H2O+      CO    HCO+      OH       0       0
    H2O     CO+    HCO+      OH       0       0
    H2O    HCO+      CO    H3O+       0       0
    H3+      CO    HCO+      H2       0       0
    NH3    HCO+      CO    NH4+       0       0
    OH+      CO    HCO+       O       0       0
     N+     CO2    CO2+       N       0       0
     N+      CO     CO+       N       0       0
     N+     H2O    H2O+       N       0       0
     N+      O2     O2+       N       0       0
     H2      N+     NH+       H       0       0
    He+      N2      N+       N      He       0
     N+      CO     NO+       C       0       0
     N+      O2     NO+       O       0       0
    NH+     H2O    H2O+      NH       0       0
    NH+      O2     O2+      NH       0       0
     H2      N+     NH+       H       0       0
     H2     NH+       N     H3+       0       0
     H2     NH+    NH2+       H       0       0
    He+     NH3     NH+      He      H2       0
    NH+      CO    HCO+       N       0       0
    NH+     H2O    H3O+       N       0       0
    NH+     H2O    NH3+       O       0       0
    NH+     H2O      OH    NH2+       0       0
    NH+      N2    N2H+       N       0       0
    NH+      O2     NO+      OH       0       0
     H2     NH+    NH2+       H       0       0
     H2    NH2+    NH3+       H       0       0
    He+     NH3    NH2+      He       H       0
    NH+     H2O      OH    NH2+       0       0
   NH2+     H2O    H3O+      NH       0       0
   NH2+     H2O    NH3+      OH       0       0
   NH2+     H2O    NH4+       O       0       0
     C+      Mg     Mg+       C       0       0
     H+      Mg     Mg+       H       0       0
   H2O+      Mg     Mg+     H2O       0       0
     Mg    HCO+     HCO     Mg+       0       0
     Mg     NO+      NO     Mg+       0       0
     Mg     O2+      O2     Mg+       0       0
     Mg      S+       S     Mg+       0       0
     Mg     SO+      SO     Mg+       0       0
   NH3+      Mg     Mg+     NH3       0       0
    H3+      Mg     Mg+      H2       H       0
    Mg+      e-      Mg       0       0       0
     CO     N2+      N2     CO+       0       0
    H2O     N2+      N2    H2O+       0       0
    He+      N2     N2+      He       0       0
     H2     N2+    N2H+       H       0       0
    H2O     N2+    N2H+      OH       0       0
     Mg      S+       S     Mg+       0       0
    NH3      S+       S    NH3+       0       0
     NO      S+       S     NO+       0       0
     S+      Fe     Fe+       S       0       0
    He+     SO2      S+      O2      He       0
     O2      S+     SO+       O       0       0
    CO+     CO2    CO2+      CO       0       0
   CO2+     SO2    SO2+     CO2       0       0
    H2O    CO2+     CO2    H2O+       0       0
    He+     CO2    CO2+      He       0       0
     N+     CO2    CO2+       N       0       0
    N2+     CO2    CO2+      N2       0       0
     H2    CO2+   HCO2+       H       0       0
    H2O    CO2+   HCO2+      OH       0       0
     Mg     SO+      SO     Mg+       0       0
    NH3     SO+      SO    NH3+       0       0
    SO+      Fe     Fe+      SO       0       0
    SO+      e-       S       O       0       0
     C+     SO2     SO+      CO       0       0
    CO+     SO2     SO+     CO2       0       0
     CO    SO2+     SO+     CO2       0       0
    He+     SO2     SO+       O      He       0
     O2      S+     SO+       O       0       0
     C+      Fe     Fe+       C       0       0
     H+      Fe     Fe+       H       0       0
   HCO+      Fe     Fe+     HCO       0       0
   NH3+      Fe     Fe+     NH3       0       0
    NO+      Fe     Fe+      NO       0       0
    O2+      Fe     Fe+      O2       0       0
     S+      Fe     Fe+       S       0       0
    SO+      Fe     Fe+      SO       0       0
    H3+      Fe     Fe+      H2       H       0
    Fe+      e-      Fe       0       0       0
     H+     SO2    SO2+       H       0       0
    He+     SO2    SO2+      He       0       0
     O+     SO2    SO2+       O       0       0
     O2    SO2+     SO2     O2+       0       0
     CO    SO2+     SO+     CO2       0       0
     H2    SO2+   HSO2+       H       0       0
      H    SO2+     SO+      OH       0       0
    H2+      H2     H3+       H       0       0
     H2     NH+       N     H3+       0       0
    H3+     CO2   HCO2+      H2       0       0
    H3+      CO    HCO+      H2       0       0
    H3+     H2O    H3O+      H2       0       0
    H3+      N2    N2H+      H2       0       0
    H3+     NH3    NH4+      H2       0       0
    H3+     SO2   HSO2+      H2       0       0
   NH4+      e-     NH2      H2       0       0
   NH4+      e-     NH2       H       H       0
   NH4+      e-     NH3       H       0       0
     H2    NH3+    NH4+       H       0       0
    H3+     NH3    NH4+      H2       0       0
   NH3+     H2O    NH4+      OH       0       0
   NH3+     NH3    NH4+     NH2       0       0
    NH3    H3O+    NH4+     H2O       0       0
    NH3    HCO+      CO    NH4+       0       0
    NH3    N2H+      N2    NH4+       0       0
   H3O+      e-     H2O       H       0       0
   H3O+      e-       O      H2       H       0
   H3O+      e-      OH      H2       0       0
   H3O+      e-      OH       H       H       0
    H2+     H2O    H3O+       H       0       0
     H2    H2O+    H3O+       H       0       0
   H2O+     H2O    H3O+      OH       0       0
    H2O    HCO+      CO    H3O+       0       0
    H2O   HCO2+     CO2    H3O+       0       0
    H2O   HSO2+     SO2    H3O+       0       0
    H2O    N2H+      N2    H3O+       0       0
    H3+     H2O    H3O+      H2       0       0
   NH2+     H2O    H3O+      NH       0       0
    NH3    H3O+    NH4+     H2O       0       0
    OH+     H2O    H3O+       O       0       0
     CO    N2H+    HCO+      N2       0       0
    H2+      N2    N2H+       H       0       0
     H2     N2+    N2H+       H       0       0
    H2O     N2+    N2H+      OH       0       0
    H2O    N2H+      N2    H3O+       0       0
    H3+      N2    N2H+      H2       0       0
   N2H+     CO2   HCO2+      N2       0       0
    NH3    N2H+      N2    NH4+       0       0
    OH+      N2    N2H+       O       0       0
     CO   HCO2+     CO2    HCO+       0       0
    H2+     CO2   HCO2+       H       0       0
     H2    CO2+   HCO2+       H       0       0
    H2O    CO2+   HCO2+      OH       0       0
    H2O   HCO2+     CO2    H3O+       0       0
    H3+     CO2   HCO2+      H2       0       0
   N2H+     CO2   HCO2+      N2       0       0
    NH3   HCO2+     CO2    NH4+       0       0
    OH+     CO2   HCO2+       O       0       0
   HSO+      e-      SO       H       0       0
    H3+      SO    HSO+      H2       0       0
   HCO+      SO    HSO+      CO       0       0
     H2    SO2+   HSO2+       H       0       0
   H2O+     SO2   HSO2+      OH       0       0
    H2O   HSO2+     SO2    H3O+       0       0
    H3+     SO2   HSO2+      H2       0       0
    NH3   HSO2+     SO2    NH4+       0       0
