This file contains any messages produced by compilers while
running configure, to aid debugging if configure makes a mistake.

It was created by SUNDIALS configure 2.5.0, which was
generated by GNU Autoconf 2.59.  Invocation command line was

  $ ./configure --prefix=/u/ruixu/myapps

## --------- ##
## Platform. ##
## --------- ##

hostname = ceres.astro.Princeton.EDU
uname -m = x86_64
uname -r = 4.1.4-1.el6.elrepo.x86_64
uname -s = Linux
uname -v = #1 SMP Wed Aug 5 14:40:04 EDT 2015

/usr/bin/uname -p = unknown
/bin/uname -X     = unknown

/bin/arch              = x86_64
/usr/bin/arch -k       = unknown
/usr/convex/getsysinfo = unknown
hostinfo               = unknown
/bin/machine           = unknown
/usr/bin/oslevel       = unknown
/bin/universe          = unknown

PATH: /usr/local/openmpi/1.6.3/gcc/x86_64/bin
PATH: /usr/lib64/qt-3.3/bin
PATH: /usr/local/bin
PATH: /bin
PATH: /usr/bin
PATH: /usr/local/sbin
PATH: /usr/sbin
PATH: /sbin


## ----------- ##
## Core tests. ##
## ----------- ##

configure:1826: checking build system type
configure:1844: result: x86_64-unknown-linux-gnu
configure:1854: checking host system type
configure:1868: result: x86_64-unknown-linux-gnu
configure:1880: checking whether make sets $(MAKE)
configure:1900: result: yes
configure:1925: checking for a BSD-compatible install
configure:1980: result: /usr/bin/install -c
configure:2283: checking for cc
configure:2299: found /usr/bin/cc
configure:2309: result: cc
configure:2330: checking for C compiler version
configure:2333: cc --version </dev/null >&5
cc (GCC) 4.4.7 20120313 (Red Hat 4.4.7-16)
Copyright (C) 2010 Free Software Foundation, Inc.
This is free software; see the source for copying conditions.  There is NO
warranty; not even for MERCHANTABILITY or FITNESS FOR A PARTICULAR PURPOSE.

configure:2336: $? = 0
configure:2338: cc -v </dev/null >&5
Using built-in specs.
Target: x86_64-redhat-linux
Configured with: ../configure --prefix=/usr --mandir=/usr/share/man --infodir=/usr/share/info --with-bugurl=http://bugzilla.redhat.com/bugzilla --enable-bootstrap --enable-shared --enable-threads=posix --enable-checking=release --with-system-zlib --enable-__cxa_atexit --disable-libunwind-exceptions --enable-gnu-unique-object --enable-languages=c,c++,objc,obj-c++,java,fortran,ada --enable-java-awt=gtk --disable-dssi --with-java-home=/usr/lib/jvm/java-1.5.0-gcj-1.5.0.0/jre --enable-libgcj-multifile --enable-java-maintainer-mode --with-ecj-jar=/usr/share/java/eclipse-ecj.jar --disable-libjava-multilib --with-ppl --with-cloog --with-tune=generic --with-arch_32=i686 --build=x86_64-redhat-linux
Thread model: posix
gcc version 4.4.7 20120313 (Red Hat 4.4.7-16) (GCC) 
configure:2341: $? = 0
configure:2343: cc -V </dev/null >&5
cc: '-V' option must have argument
configure:2346: $? = 1
configure:2369: checking for C compiler default output file name
configure:2372: cc    conftest.c  >&5
configure:2375: $? = 0
configure:2421: result: a.out
configure:2426: checking whether the C compiler works
configure:2432: ./a.out
configure:2435: $? = 0
configure:2452: result: yes
configure:2459: checking whether we are cross compiling
configure:2461: result: no
configure:2464: checking for suffix of executables
configure:2466: cc -o conftest    conftest.c  >&5
configure:2469: $? = 0
configure:2494: result: 
configure:2500: checking for suffix of object files
configure:2521: cc -c   conftest.c >&5
configure:2524: $? = 0
configure:2546: result: o
configure:2550: checking whether we are using the GNU C compiler
configure:2574: cc -c   conftest.c >&5
configure:2580: $? = 0
configure:2584: test -z 
			 || test ! -s conftest.err
configure:2587: $? = 0
configure:2590: test -s conftest.o
configure:2593: $? = 0
configure:2606: result: yes
configure:2612: checking whether cc accepts -g
configure:2633: cc -c -g  conftest.c >&5
configure:2639: $? = 0
configure:2643: test -z 
			 || test ! -s conftest.err
configure:2646: $? = 0
configure:2649: test -s conftest.o
configure:2652: $? = 0
configure:2663: result: yes
configure:2680: checking for cc option to accept ANSI C
configure:2750: cc  -c -g -O2  conftest.c >&5
configure:2756: $? = 0
configure:2760: test -z 
			 || test ! -s conftest.err
configure:2763: $? = 0
configure:2766: test -s conftest.o
configure:2769: $? = 0
configure:2787: result: none needed
configure:2805: cc -c -g -O2  conftest.c >&5
conftest.c:2: error: expected '=', ',', ';', 'asm' or '__attribute__' before 'me'
configure:2811: $? = 1
configure: failed program was:
| #ifndef __cplusplus
|   choke me
| #endif
configure:2947: checking for egrep
configure:2957: result: grep -E
configure:2976: checking for sys/types.h
configure:2992: cc -c -g -O2  conftest.c >&5
configure:2998: $? = 0
configure:3002: test -z 
			 || test ! -s conftest.err
configure:3005: $? = 0
configure:3008: test -s conftest.o
configure:3011: $? = 0
configure:3022: result: yes
configure:2976: checking for sys/stat.h
configure:2992: cc -c -g -O2  conftest.c >&5
configure:2998: $? = 0
configure:3002: test -z 
			 || test ! -s conftest.err
configure:3005: $? = 0
configure:3008: test -s conftest.o
configure:3011: $? = 0
configure:3022: result: yes
configure:2976: checking for stdlib.h
configure:2992: cc -c -g -O2  conftest.c >&5
configure:2998: $? = 0
configure:3002: test -z 
			 || test ! -s conftest.err
configure:3005: $? = 0
configure:3008: test -s conftest.o
configure:3011: $? = 0
configure:3022: result: yes
configure:2976: checking for string.h
configure:2992: cc -c -g -O2  conftest.c >&5
configure:2998: $? = 0
configure:3002: test -z 
			 || test ! -s conftest.err
configure:3005: $? = 0
configure:3008: test -s conftest.o
configure:3011: $? = 0
configure:3022: result: yes
configure:2976: checking for memory.h
configure:2992: cc -c -g -O2  conftest.c >&5
configure:2998: $? = 0
configure:3002: test -z 
			 || test ! -s conftest.err
configure:3005: $? = 0
configure:3008: test -s conftest.o
configure:3011: $? = 0
configure:3022: result: yes
configure:2976: checking for strings.h
configure:2992: cc -c -g -O2  conftest.c >&5
configure:2998: $? = 0
configure:3002: test -z 
			 || test ! -s conftest.err
configure:3005: $? = 0
configure:3008: test -s conftest.o
configure:3011: $? = 0
configure:3022: result: yes
configure:2976: checking for inttypes.h
configure:2992: cc -c -g -O2  conftest.c >&5
configure:2998: $? = 0
configure:3002: test -z 
			 || test ! -s conftest.err
configure:3005: $? = 0
configure:3008: test -s conftest.o
configure:3011: $? = 0
configure:3022: result: yes
configure:2976: checking for stdint.h
configure:2992: cc -c -g -O2  conftest.c >&5
configure:2998: $? = 0
configure:3002: test -z 
			 || test ! -s conftest.err
configure:3005: $? = 0
configure:3008: test -s conftest.o
configure:3011: $? = 0
configure:3022: result: yes
configure:2976: checking for unistd.h
configure:2992: cc -c -g -O2  conftest.c >&5
configure:2998: $? = 0
configure:3002: test -z 
			 || test ! -s conftest.err
configure:3005: $? = 0
configure:3008: test -s conftest.o
configure:3011: $? = 0
configure:3022: result: yes
configure:3081: checking floating-point data type to use
configure:3124: result: double
configure:3143: checking for C compiler flags
configure:3156: result: none
configure:3168: checking how to run the C preprocessor
configure:3203: cc -E  conftest.c
configure:3209: $? = 0
configure:3241: cc -E  conftest.c
conftest.c:19:28: error: ac_nonexistent.h: No such file or directory
configure:3247: $? = 1
configure: failed program was:
| /* confdefs.h.  */
| 
| #define PACKAGE_NAME "SUNDIALS"
| #define PACKAGE_TARNAME "sundials"
| #define PACKAGE_VERSION "2.5.0"
| #define PACKAGE_STRING "SUNDIALS 2.5.0"
| #define PACKAGE_BUGREPORT "radu@llnl.gov"
| #define HAVE_SYS_TYPES_H 1
| #define HAVE_SYS_STAT_H 1
| #define HAVE_STDLIB_H 1
| #define HAVE_STRING_H 1
| #define HAVE_MEMORY_H 1
| #define HAVE_STRINGS_H 1
| #define HAVE_INTTYPES_H 1
| #define HAVE_STDINT_H 1
| #define HAVE_UNISTD_H 1
| #define SUNDIALS_DOUBLE_PRECISION 1
| /* end confdefs.h.  */
| #include <ac_nonexistent.h>
configure:3286: result: cc -E
configure:3310: cc -E  conftest.c
configure:3316: $? = 0
configure:3348: cc -E  conftest.c
conftest.c:19:28: error: ac_nonexistent.h: No such file or directory
configure:3354: $? = 1
configure: failed program was:
| /* confdefs.h.  */
| 
| #define PACKAGE_NAME "SUNDIALS"
| #define PACKAGE_TARNAME "sundials"
| #define PACKAGE_VERSION "2.5.0"
| #define PACKAGE_STRING "SUNDIALS 2.5.0"
| #define PACKAGE_BUGREPORT "radu@llnl.gov"
| #define HAVE_SYS_TYPES_H 1
| #define HAVE_SYS_STAT_H 1
| #define HAVE_STDLIB_H 1
| #define HAVE_STRING_H 1
| #define HAVE_MEMORY_H 1
| #define HAVE_STRINGS_H 1
| #define HAVE_INTTYPES_H 1
| #define HAVE_STDINT_H 1
| #define HAVE_UNISTD_H 1
| #define SUNDIALS_DOUBLE_PRECISION 1
| /* end confdefs.h.  */
| #include <ac_nonexistent.h>
configure:3400: checking for C/C++ preprocessor flags
configure:3413: result: none
configure:3419: checking for linker flags
configure:3432: result: none
configure:3438: checking for extra libraries
configure:3455: result: none
configure:3463: checking for ANSI C header files
configure:3488: cc -c -g -O2  conftest.c >&5
configure:3494: $? = 0
configure:3498: test -z 
			 || test ! -s conftest.err
configure:3501: $? = 0
configure:3504: test -s conftest.o
configure:3507: $? = 0
configure:3596: cc -o conftest -g -O2   conftest.c  >&5
conftest.c: In function 'main':
conftest.c:36: warning: incompatible implicit declaration of built-in function 'exit'
configure:3599: $? = 0
configure:3601: ./conftest
configure:3604: $? = 0
configure:3619: result: yes
configure:3636: checking for stdlib.h
configure:3641: result: yes
configure:3645: checking float.h usability
configure:3657: cc -c -g -O2  conftest.c >&5
configure:3663: $? = 0
configure:3667: test -z 
			 || test ! -s conftest.err
configure:3670: $? = 0
configure:3673: test -s conftest.o
configure:3676: $? = 0
configure:3686: result: yes
configure:3690: checking float.h presence
configure:3700: cc -E  conftest.c
configure:3706: $? = 0
configure:3726: result: yes
configure:3761: checking for float.h
configure:3768: result: yes
configure:3645: checking math.h usability
configure:3657: cc -c -g -O2  conftest.c >&5
configure:3663: $? = 0
configure:3667: test -z 
			 || test ! -s conftest.err
configure:3670: $? = 0
configure:3673: test -s conftest.o
configure:3676: $? = 0
configure:3686: result: yes
configure:3690: checking math.h presence
configure:3700: cc -E  conftest.c
configure:3706: $? = 0
configure:3726: result: yes
configure:3761: checking for math.h
configure:3768: result: yes
configure:3799: checking for abs in -lm
configure:3829: cc -o conftest -g -O2   conftest.c -lm   >&5
conftest.c:30: warning: conflicting types for built-in function 'abs'
configure:3835: $? = 0
configure:3839: test -z 
			 || test ! -s conftest.err
configure:3842: $? = 0
configure:3845: test -s conftest
configure:3848: $? = 0
configure:3861: result: yes
configure:4341: checking for fabs in -lm
configure:4371: cc -o conftest -g -O2   conftest.c -lm   >&5
conftest.c:31: warning: conflicting types for built-in function 'fabs'
configure:4377: $? = 0
configure:4381: test -z 
			 || test ! -s conftest.err
configure:4384: $? = 0
configure:4387: test -s conftest
configure:4390: $? = 0
configure:4403: result: yes
configure:4419: checking for pow in -lm
configure:4449: cc -o conftest -g -O2   conftest.c -lm  -lm  >&5
conftest.c:32: warning: conflicting types for built-in function 'pow'
configure:4455: $? = 0
configure:4459: test -z 
			 || test ! -s conftest.err
configure:4462: $? = 0
configure:4465: test -s conftest
configure:4468: $? = 0
configure:4481: result: yes
configure:4497: checking for sqrt in -lm
configure:4527: cc -o conftest -g -O2   conftest.c -lm  -lm -lm  >&5
conftest.c:33: warning: conflicting types for built-in function 'sqrt'
configure:4533: $? = 0
configure:4537: test -z 
			 || test ! -s conftest.err
configure:4540: $? = 0
configure:4543: test -s conftest
configure:4546: $? = 0
configure:4559: result: yes
configure:4837: checking for additional required C libraries
configure:4848: result: -lm 
configure:4858: checking for int
configure:4882: cc -c -g -O2  conftest.c >&5
configure:4888: $? = 0
configure:4892: test -z 
			 || test ! -s conftest.err
configure:4895: $? = 0
configure:4898: test -s conftest.o
configure:4901: $? = 0
configure:4912: result: yes
configure:4915: checking size of int
configure:5234: cc -o conftest -g -O2   conftest.c -lm  >&5
configure:5237: $? = 0
configure:5239: ./conftest
configure:5242: $? = 0
configure:5265: result: 4
configure:5274: checking for long int
configure:5298: cc -c -g -O2  conftest.c >&5
configure:5304: $? = 0
configure:5308: test -z 
			 || test ! -s conftest.err
configure:5311: $? = 0
configure:5314: test -s conftest.o
configure:5317: $? = 0
configure:5328: result: yes
configure:5331: checking size of long int
configure:5650: cc -o conftest -g -O2   conftest.c -lm  >&5
configure:5653: $? = 0
configure:5655: ./conftest
configure:5658: $? = 0
configure:5681: result: 8
configure:6107: checking for double
configure:6131: cc -c -g -O2  conftest.c >&5
configure:6137: $? = 0
configure:6141: test -z 
			 || test ! -s conftest.err
configure:6144: $? = 0
configure:6147: test -s conftest.o
configure:6150: $? = 0
configure:6161: result: yes
configure:6164: checking size of double
configure:6483: cc -o conftest -g -O2   conftest.c -lm  >&5
configure:6486: $? = 0
configure:6488: ./conftest
configure:6491: $? = 0
configure:6514: result: 8
configure:6939: checking for egrep
configure:6949: result: grep -E
configure:6956: checking for fgrep
configure:6966: result: grep -F
configure:6990: checking if cc is a C++ compiler
configure:7021: cc -o conftest -g -O2   conftest.c -lm  >&5
configure:7024: $? = 0
configure:7026: ./conftest
configure:7029: $? = 1
configure: program exited with status 1
configure: failed program was:
| /* confdefs.h.  */
| 
| #define PACKAGE_NAME "SUNDIALS"
| #define PACKAGE_TARNAME "sundials"
| #define PACKAGE_VERSION "2.5.0"
| #define PACKAGE_STRING "SUNDIALS 2.5.0"
| #define PACKAGE_BUGREPORT "radu@llnl.gov"
| #define HAVE_SYS_TYPES_H 1
| #define HAVE_SYS_STAT_H 1
| #define HAVE_STDLIB_H 1
| #define HAVE_STRING_H 1
| #define HAVE_MEMORY_H 1
| #define HAVE_STRINGS_H 1
| #define HAVE_INTTYPES_H 1
| #define HAVE_STDINT_H 1
| #define HAVE_UNISTD_H 1
| #define SUNDIALS_DOUBLE_PRECISION 1
| #define STDC_HEADERS 1
| #define HAVE_STDLIB_H 1
| #define HAVE_FLOAT_H 1
| #define HAVE_MATH_H 1
| #define HAVE_LIBM 1
| #define HAVE_LIBM 1
| #define HAVE_LIBM 1
| #define HAVE_LIBM 1
| #define SUNDIALS_USE_GENERIC_MATH 1
| #define SIZEOF_INT 4
| #define SIZEOF_LONG_INT 8
| #define SIZEOF_DOUBLE 8
| /* end confdefs.h.  */
| 
| int
| main ()
| {
| 
| #ifdef __cplusplus
|   return(0);
| #else
|   return(1);
| #endif
| 
|   ;
|   return 0;
| }
configure:7044: result: no
configure:7135: checking for f77
configure:7151: found /usr/bin/f77
configure:7161: result: f77
configure:7176: checking for Fortran 77 compiler version
configure:7179: f77 --version </dev/null >&5
GNU Fortran (GCC) 3.4.6 20060404 (Red Hat 3.4.6-19.el6)
Copyright (C) 2006 Free Software Foundation, Inc.

GNU Fortran comes with NO WARRANTY, to the extent permitted by law.
You may redistribute copies of GNU Fortran
under the terms of the GNU General Public License.
For more information about these matters, see the file named COPYING
or type the command `info -f g77 Copying'.
configure:7182: $? = 0
configure:7184: f77 -v </dev/null >&5
Reading specs from /usr/lib/gcc/x86_64-redhat-linux/3.4.6/specs
Configured with: ../configure --prefix=/usr --mandir=/usr/share/man --infodir=/usr/share/info --enable-shared --enable-threads=posix --disable-checking --with-system-zlib --enable-__cxa_atexit --disable-libunwind-exceptions --enable-languages=c,c++,f77 --disable-libgcj --host=x86_64-redhat-linux
Thread model: posix
gcc version 3.4.6 20060404 (Red Hat 3.4.6-19.el6)
configure:7187: $? = 0
configure:7189: f77 -V </dev/null >&5
f77: `-V' option must have argument
configure:7192: $? = 1
configure:7200: checking whether we are using the GNU Fortran 77 compiler
configure:7214: f77 -c  conftest.F >&5
configure:7220: $? = 0
configure:7224: test -z 
			 || test ! -s conftest.err
configure:7227: $? = 0
configure:7230: test -s conftest.o
configure:7233: $? = 0
configure:7246: result: yes
configure:7252: checking whether f77 accepts -g
configure:7264: f77 -c -g conftest.f >&5
configure:7270: $? = 0
configure:7274: test -z 
			 || test ! -s conftest.err
configure:7277: $? = 0
configure:7280: test -s conftest.o
configure:7283: $? = 0
configure:7295: result: yes
configure:7360: checking for extra Fortran compiler flags
configure:7373: result: none
configure:7384: checking how to get verbose linking output from f77
configure:7395: f77 -c -g -O2 conftest.f >&5
configure:7401: $? = 0
configure:7405: test -z 
			 || test ! -s conftest.err
configure:7408: $? = 0
configure:7411: test -s conftest.o
configure:7414: $? = 0
configure:7431: f77 -o conftest -g -O2 -v  conftest.f -lm  >&5
Reading specs from /usr/lib/gcc/x86_64-redhat-linux/3.4.6/specs
Configured with: ../configure --prefix=/usr --mandir=/usr/share/man --infodir=/usr/share/info --enable-shared --enable-threads=posix --disable-checking --with-system-zlib --enable-__cxa_atexit --disable-libunwind-exceptions --enable-languages=c,c++,f77 --disable-libgcj --host=x86_64-redhat-linux
Thread model: posix
gcc version 3.4.6 20060404 (Red Hat 3.4.6-19.el6)
 /usr/libexec/gcc/x86_64-redhat-linux/3.4.6/f771 conftest.f -quiet -dumpbase conftest.f -mtune=k8 -auxbase conftest -g -O2 -version -o /tmp/cc98AFpm.s
GNU F77 version 3.4.6 20060404 (Red Hat 3.4.6-19.el6) (x86_64-redhat-linux)
	compiled by GNU C version 3.4.6 20060404 (Red Hat 3.4.6-19.el6).
GGC heuristics: --param ggc-min-expand=100 --param ggc-min-heapsize=131072
 as -V -Qy -o /tmp/cczz1IGs.o /tmp/cc98AFpm.s
GNU assembler version 2.20.51.0.2 (x86_64-redhat-linux) using BFD version version 2.20.51.0.2-5.43.el6 20100205
 /usr/libexec/gcc/x86_64-redhat-linux/3.4.6/collect2 --eh-frame-hdr -m elf_x86_64 -dynamic-linker /lib64/ld-linux-x86-64.so.2 -o conftest /usr/lib/gcc/x86_64-redhat-linux/3.4.6/../../../../lib64/crt1.o /usr/lib/gcc/x86_64-redhat-linux/3.4.6/../../../../lib64/crti.o /usr/lib/gcc/x86_64-redhat-linux/3.4.6/crtbegin.o -L/usr/lib/gcc/x86_64-redhat-linux/3.4.6 -L/usr/lib/gcc/x86_64-redhat-linux/3.4.6 -L/usr/lib/gcc/x86_64-redhat-linux/3.4.6/../../../../lib64 -L/usr/lib/gcc/x86_64-redhat-linux/3.4.6/../../.. -L/lib/../lib64 -L/usr/lib/../lib64 /tmp/cczz1IGs.o -lfrtbegin -lg2c -lm -lg2c -lm -lgcc_s -lgcc -lc -lgcc_s -lgcc /usr/lib/gcc/x86_64-redhat-linux/3.4.6/crtend.o /usr/lib/gcc/x86_64-redhat-linux/3.4.6/../../../../lib64/crtn.o
configure:7490: result: -v
configure:7492: checking for Fortran libraries of f77
configure:7513: f77 -o conftest -g -O2 -v  conftest.f -lm  >&5
Reading specs from /usr/lib/gcc/x86_64-redhat-linux/3.4.6/specs
Configured with: ../configure --prefix=/usr --mandir=/usr/share/man --infodir=/usr/share/info --enable-shared --enable-threads=posix --disable-checking --with-system-zlib --enable-__cxa_atexit --disable-libunwind-exceptions --enable-languages=c,c++,f77 --disable-libgcj --host=x86_64-redhat-linux
Thread model: posix
gcc version 3.4.6 20060404 (Red Hat 3.4.6-19.el6)
 /usr/libexec/gcc/x86_64-redhat-linux/3.4.6/f771 conftest.f -quiet -dumpbase conftest.f -mtune=k8 -auxbase conftest -g -O2 -version -o /tmp/ccONZ8Sr.s
GNU F77 version 3.4.6 20060404 (Red Hat 3.4.6-19.el6) (x86_64-redhat-linux)
	compiled by GNU C version 3.4.6 20060404 (Red Hat 3.4.6-19.el6).
GGC heuristics: --param ggc-min-expand=100 --param ggc-min-heapsize=131072
 as -V -Qy -o /tmp/ccggARpy.o /tmp/ccONZ8Sr.s
GNU assembler version 2.20.51.0.2 (x86_64-redhat-linux) using BFD version version 2.20.51.0.2-5.43.el6 20100205
 /usr/libexec/gcc/x86_64-redhat-linux/3.4.6/collect2 --eh-frame-hdr -m elf_x86_64 -dynamic-linker /lib64/ld-linux-x86-64.so.2 -o conftest /usr/lib/gcc/x86_64-redhat-linux/3.4.6/../../../../lib64/crt1.o /usr/lib/gcc/x86_64-redhat-linux/3.4.6/../../../../lib64/crti.o /usr/lib/gcc/x86_64-redhat-linux/3.4.6/crtbegin.o -L/usr/lib/gcc/x86_64-redhat-linux/3.4.6 -L/usr/lib/gcc/x86_64-redhat-linux/3.4.6 -L/usr/lib/gcc/x86_64-redhat-linux/3.4.6/../../../../lib64 -L/usr/lib/gcc/x86_64-redhat-linux/3.4.6/../../.. -L/lib/../lib64 -L/usr/lib/../lib64 /tmp/ccggARpy.o -lfrtbegin -lg2c -lm -lg2c -lm -lgcc_s -lgcc -lc -lgcc_s -lgcc /usr/lib/gcc/x86_64-redhat-linux/3.4.6/crtend.o /usr/lib/gcc/x86_64-redhat-linux/3.4.6/../../../../lib64/crtn.o
configure:7678: result:  -L/usr/lib/gcc/x86_64-redhat-linux/3.4.6 -L/usr/lib/gcc/x86_64-redhat-linux/3.4.6/../../../../lib64 -L/usr/lib/gcc/x86_64-redhat-linux/3.4.6/../../.. -L/lib/../lib64 -L/usr/lib/../lib64 -lfrtbegin -lg2c -lm -lgcc_s
configure:7698: f77 -c -g -O2 conftest.f >&5
configure:7704: $? = 0
configure:7708: test -z 
			 || test ! -s conftest.err
configure:7711: $? = 0
configure:7714: test -s conftest.o
configure:7717: $? = 0
configure:7733: checking which linker to use
configure:7859: result: f77
configure:7925: f77 -c -g -O2 conftest.f >&5
configure:7931: $? = 0
configure:7935: test -z 
			 || test ! -s conftest.err
configure:7938: $? = 0
configure:7941: test -s conftest.o
configure:7944: $? = 0
configure:7990: cc -o conftest -g -O2   conftest.c f77_wrapper_check.o -lm   -L/usr/lib/gcc/x86_64-redhat-linux/3.4.6 -L/usr/lib/gcc/x86_64-redhat-linux/3.4.6/../../../../lib64 -L/usr/lib/gcc/x86_64-redhat-linux/3.4.6/../../.. -L/lib/../lib64 -L/usr/lib/../lib64 -lfrtbegin -lg2c -lm -lgcc_s >&5
/tmp/ccqIgDQJ.o: In function `main':
/u/ruixu/cvode/conftest.c:42: undefined reference to `sundials'
collect2: ld returned 1 exit status
configure:7996: $? = 1
configure: failed program was:
| /* confdefs.h.  */
| 
| #define PACKAGE_NAME "SUNDIALS"
| #define PACKAGE_TARNAME "sundials"
| #define PACKAGE_VERSION "2.5.0"
| #define PACKAGE_STRING "SUNDIALS 2.5.0"
| #define PACKAGE_BUGREPORT "radu@llnl.gov"
| #define HAVE_SYS_TYPES_H 1
| #define HAVE_SYS_STAT_H 1
| #define HAVE_STDLIB_H 1
| #define HAVE_STRING_H 1
| #define HAVE_MEMORY_H 1
| #define HAVE_STRINGS_H 1
| #define HAVE_INTTYPES_H 1
| #define HAVE_STDINT_H 1
| #define HAVE_UNISTD_H 1
| #define SUNDIALS_DOUBLE_PRECISION 1
| #define STDC_HEADERS 1
| #define HAVE_STDLIB_H 1
| #define HAVE_FLOAT_H 1
| #define HAVE_MATH_H 1
| #define HAVE_LIBM 1
| #define HAVE_LIBM 1
| #define HAVE_LIBM 1
| #define HAVE_LIBM 1
| #define SUNDIALS_USE_GENERIC_MATH 1
| #define SIZEOF_INT 4
| #define SIZEOF_LONG_INT 8
| #define SIZEOF_DOUBLE 8
| /* end confdefs.h.  */
| 
| /* Override any gcc2 internal prototype to avoid an error.  */
| #ifdef __cplusplus
| extern "C"
| #endif
| /* We use char because int might match the return type of a gcc2
|    builtin and then its argument prototype would still apply.  */
| char sundials ();
| int
| main ()
| {
| sundials ();
|   ;
|   return 0;
| }
configure:7990: cc -o conftest -g -O2   conftest.c f77_wrapper_check.o -lm   -L/usr/lib/gcc/x86_64-redhat-linux/3.4.6 -L/usr/lib/gcc/x86_64-redhat-linux/3.4.6/../../../../lib64 -L/usr/lib/gcc/x86_64-redhat-linux/3.4.6/../../.. -L/lib/../lib64 -L/usr/lib/../lib64 -lfrtbegin -lg2c -lm -lgcc_s >&5
configure:7996: $? = 0
configure:8000: test -z 
			 || test ! -s conftest.err
configure:8003: $? = 0
configure:8006: test -s conftest
configure:8009: $? = 0
configure:8100: checking for Fortran name-mangling scheme of C identifiers
configure:8102: result: lower case  + one underscore
configure:8138: f77 -c -g -O2 conftest.f >&5
configure:8144: $? = 0
configure:8148: test -z 
			 || test ! -s conftest.err
configure:8151: $? = 0
configure:8154: test -s conftest.o
configure:8157: $? = 0
configure:8203: cc -o conftest -g -O2   conftest.c f77_wrapper_check.o -lm   -L/usr/lib/gcc/x86_64-redhat-linux/3.4.6 -L/usr/lib/gcc/x86_64-redhat-linux/3.4.6/../../../../lib64 -L/usr/lib/gcc/x86_64-redhat-linux/3.4.6/../../.. -L/lib/../lib64 -L/usr/lib/../lib64 -lfrtbegin -lg2c -lm -lgcc_s >&5
/tmp/ccqb3IF2.o: In function `main':
/u/ruixu/cvode/conftest.c:43: undefined reference to `sun_dials'
collect2: ld returned 1 exit status
configure:8209: $? = 1
configure: failed program was:
| /* confdefs.h.  */
| 
| #define PACKAGE_NAME "SUNDIALS"
| #define PACKAGE_TARNAME "sundials"
| #define PACKAGE_VERSION "2.5.0"
| #define PACKAGE_STRING "SUNDIALS 2.5.0"
| #define PACKAGE_BUGREPORT "radu@llnl.gov"
| #define HAVE_SYS_TYPES_H 1
| #define HAVE_SYS_STAT_H 1
| #define HAVE_STDLIB_H 1
| #define HAVE_STRING_H 1
| #define HAVE_MEMORY_H 1
| #define HAVE_STRINGS_H 1
| #define HAVE_INTTYPES_H 1
| #define HAVE_STDINT_H 1
| #define HAVE_UNISTD_H 1
| #define SUNDIALS_DOUBLE_PRECISION 1
| #define STDC_HEADERS 1
| #define HAVE_STDLIB_H 1
| #define HAVE_FLOAT_H 1
| #define HAVE_MATH_H 1
| #define HAVE_LIBM 1
| #define HAVE_LIBM 1
| #define HAVE_LIBM 1
| #define HAVE_LIBM 1
| #define SUNDIALS_USE_GENERIC_MATH 1
| #define SIZEOF_INT 4
| #define SIZEOF_LONG_INT 8
| #define SIZEOF_DOUBLE 8
| #define SUNDIALS_F77_FUNC(name,NAME) name ## _
| /* end confdefs.h.  */
| 
| /* Override any gcc2 internal prototype to avoid an error.  */
| #ifdef __cplusplus
| extern "C"
| #endif
| /* We use char because int might match the return type of a gcc2
|    builtin and then its argument prototype would still apply.  */
| char sun_dials ();
| int
| main ()
| {
| sun_dials ();
|   ;
|   return 0;
| }
configure:8203: cc -o conftest -g -O2   conftest.c f77_wrapper_check.o -lm   -L/usr/lib/gcc/x86_64-redhat-linux/3.4.6 -L/usr/lib/gcc/x86_64-redhat-linux/3.4.6/../../../../lib64 -L/usr/lib/gcc/x86_64-redhat-linux/3.4.6/../../.. -L/lib/../lib64 -L/usr/lib/../lib64 -lfrtbegin -lg2c -lm -lgcc_s >&5
/tmp/ccfnQbe7.o: In function `main':
/u/ruixu/cvode/conftest.c:43: undefined reference to `sun_dials_'
collect2: ld returned 1 exit status
configure:8209: $? = 1
configure: failed program was:
| /* confdefs.h.  */
| 
| #define PACKAGE_NAME "SUNDIALS"
| #define PACKAGE_TARNAME "sundials"
| #define PACKAGE_VERSION "2.5.0"
| #define PACKAGE_STRING "SUNDIALS 2.5.0"
| #define PACKAGE_BUGREPORT "radu@llnl.gov"
| #define HAVE_SYS_TYPES_H 1
| #define HAVE_SYS_STAT_H 1
| #define HAVE_STDLIB_H 1
| #define HAVE_STRING_H 1
| #define HAVE_MEMORY_H 1
| #define HAVE_STRINGS_H 1
| #define HAVE_INTTYPES_H 1
| #define HAVE_STDINT_H 1
| #define HAVE_UNISTD_H 1
| #define SUNDIALS_DOUBLE_PRECISION 1
| #define STDC_HEADERS 1
| #define HAVE_STDLIB_H 1
| #define HAVE_FLOAT_H 1
| #define HAVE_MATH_H 1
| #define HAVE_LIBM 1
| #define HAVE_LIBM 1
| #define HAVE_LIBM 1
| #define HAVE_LIBM 1
| #define SUNDIALS_USE_GENERIC_MATH 1
| #define SIZEOF_INT 4
| #define SIZEOF_LONG_INT 8
| #define SIZEOF_DOUBLE 8
| #define SUNDIALS_F77_FUNC(name,NAME) name ## _
| /* end confdefs.h.  */
| 
| /* Override any gcc2 internal prototype to avoid an error.  */
| #ifdef __cplusplus
| extern "C"
| #endif
| /* We use char because int might match the return type of a gcc2
|    builtin and then its argument prototype would still apply.  */
| char sun_dials_ ();
| int
| main ()
| {
| sun_dials_ ();
|   ;
|   return 0;
| }
configure:8203: cc -o conftest -g -O2   conftest.c f77_wrapper_check.o -lm   -L/usr/lib/gcc/x86_64-redhat-linux/3.4.6 -L/usr/lib/gcc/x86_64-redhat-linux/3.4.6/../../../../lib64 -L/usr/lib/gcc/x86_64-redhat-linux/3.4.6/../../.. -L/lib/../lib64 -L/usr/lib/../lib64 -lfrtbegin -lg2c -lm -lgcc_s >&5
configure:8209: $? = 0
configure:8213: test -z 
			 || test ! -s conftest.err
configure:8216: $? = 0
configure:8219: test -s conftest
configure:8222: $? = 0
configure:8301: checking for Fortran name-mangling scheme of C identifiers with underscores
configure:8303: result: lower case  + two underscores
configure:8486: checking for dgemm_
configure:8543: cc -o conftest -g -O2   conftest.c -lm   -L/usr/lib/gcc/x86_64-redhat-linux/3.4.6 -L/usr/lib/gcc/x86_64-redhat-linux/3.4.6/../../../../lib64 -L/usr/lib/gcc/x86_64-redhat-linux/3.4.6/../../.. -L/lib/../lib64 -L/usr/lib/../lib64 -lfrtbegin -lg2c -lm -lgcc_s >&5
/tmp/ccCo61Fp.o: In function `main':
/u/ruixu/cvode/conftest.c:72: undefined reference to `dgemm_'
/tmp/ccCo61Fp.o:(.data+0x0): undefined reference to `dgemm_'
collect2: ld returned 1 exit status
configure:8549: $? = 1
configure: failed program was:
| /* confdefs.h.  */
| 
| #define PACKAGE_NAME "SUNDIALS"
| #define PACKAGE_TARNAME "sundials"
| #define PACKAGE_VERSION "2.5.0"
| #define PACKAGE_STRING "SUNDIALS 2.5.0"
| #define PACKAGE_BUGREPORT "radu@llnl.gov"
| #define HAVE_SYS_TYPES_H 1
| #define HAVE_SYS_STAT_H 1
| #define HAVE_STDLIB_H 1
| #define HAVE_STRING_H 1
| #define HAVE_MEMORY_H 1
| #define HAVE_STRINGS_H 1
| #define HAVE_INTTYPES_H 1
| #define HAVE_STDINT_H 1
| #define HAVE_UNISTD_H 1
| #define SUNDIALS_DOUBLE_PRECISION 1
| #define STDC_HEADERS 1
| #define HAVE_STDLIB_H 1
| #define HAVE_FLOAT_H 1
| #define HAVE_MATH_H 1
| #define HAVE_LIBM 1
| #define HAVE_LIBM 1
| #define HAVE_LIBM 1
| #define HAVE_LIBM 1
| #define SUNDIALS_USE_GENERIC_MATH 1
| #define SIZEOF_INT 4
| #define SIZEOF_LONG_INT 8
| #define SIZEOF_DOUBLE 8
| #define SUNDIALS_F77_FUNC(name,NAME) name ## _
| #define SUNDIALS_F77_FUNC_(name,NAME) name ## __
| /* end confdefs.h.  */
| /* Define dgemm_ to an innocuous variant, in case <limits.h> declares dgemm_.
|    For example, HP-UX 11i <limits.h> declares gettimeofday.  */
| #define dgemm_ innocuous_dgemm_
| 
| /* System header to define __stub macros and hopefully few prototypes,
|     which can conflict with char dgemm_ (); below.
|     Prefer <limits.h> to <assert.h> if __STDC__ is defined, since
|     <limits.h> exists even on freestanding compilers.  */
| 
| #ifdef __STDC__
| # include <limits.h>
| #else
| # include <assert.h>
| #endif
| 
| #undef dgemm_
| 
| /* Override any gcc2 internal prototype to avoid an error.  */
| #ifdef __cplusplus
| extern "C"
| {
| #endif
| /* We use char because int might match the return type of a gcc2
|    builtin and then its argument prototype would still apply.  */
| char dgemm_ ();
| /* The GNU C library defines this for functions which it implements
|     to always fail with ENOSYS.  Some functions are actually named
|     something starting with __ and the normal name is an alias.  */
| #if defined (__stub_dgemm_) || defined (__stub___dgemm_)
| choke me
| #else
| char (*f) () = dgemm_;
| #endif
| #ifdef __cplusplus
| }
| #endif
| 
| int
| main ()
| {
| return f != dgemm_;
|   ;
|   return 0;
| }
configure:8574: result: no
configure:8586: checking for dgemm_ in -lcxml
configure:8616: cc -o conftest -g -O2   conftest.c -lcxml  -lm   -L/usr/lib/gcc/x86_64-redhat-linux/3.4.6 -L/usr/lib/gcc/x86_64-redhat-linux/3.4.6/../../../../lib64 -L/usr/lib/gcc/x86_64-redhat-linux/3.4.6/../../.. -L/lib/../lib64 -L/usr/lib/../lib64 -lfrtbegin -lg2c -lm -lgcc_s >&5
/usr/bin/ld: cannot find -lcxml
collect2: ld returned 1 exit status
configure:8622: $? = 1
configure: failed program was:
| /* confdefs.h.  */
| 
| #define PACKAGE_NAME "SUNDIALS"
| #define PACKAGE_TARNAME "sundials"
| #define PACKAGE_VERSION "2.5.0"
| #define PACKAGE_STRING "SUNDIALS 2.5.0"
| #define PACKAGE_BUGREPORT "radu@llnl.gov"
| #define HAVE_SYS_TYPES_H 1
| #define HAVE_SYS_STAT_H 1
| #define HAVE_STDLIB_H 1
| #define HAVE_STRING_H 1
| #define HAVE_MEMORY_H 1
| #define HAVE_STRINGS_H 1
| #define HAVE_INTTYPES_H 1
| #define HAVE_STDINT_H 1
| #define HAVE_UNISTD_H 1
| #define SUNDIALS_DOUBLE_PRECISION 1
| #define STDC_HEADERS 1
| #define HAVE_STDLIB_H 1
| #define HAVE_FLOAT_H 1
| #define HAVE_MATH_H 1
| #define HAVE_LIBM 1
| #define HAVE_LIBM 1
| #define HAVE_LIBM 1
| #define HAVE_LIBM 1
| #define SUNDIALS_USE_GENERIC_MATH 1
| #define SIZEOF_INT 4
| #define SIZEOF_LONG_INT 8
| #define SIZEOF_DOUBLE 8
| #define SUNDIALS_F77_FUNC(name,NAME) name ## _
| #define SUNDIALS_F77_FUNC_(name,NAME) name ## __
| /* end confdefs.h.  */
| 
| /* Override any gcc2 internal prototype to avoid an error.  */
| #ifdef __cplusplus
| extern "C"
| #endif
| /* We use char because int might match the return type of a gcc2
|    builtin and then its argument prototype would still apply.  */
| char dgemm_ ();
| int
| main ()
| {
| dgemm_ ();
|   ;
|   return 0;
| }
configure:8648: result: no
configure:8659: checking for dgemm_ in -ldxml
configure:8689: cc -o conftest -g -O2   conftest.c -ldxml  -lm   -L/usr/lib/gcc/x86_64-redhat-linux/3.4.6 -L/usr/lib/gcc/x86_64-redhat-linux/3.4.6/../../../../lib64 -L/usr/lib/gcc/x86_64-redhat-linux/3.4.6/../../.. -L/lib/../lib64 -L/usr/lib/../lib64 -lfrtbegin -lg2c -lm -lgcc_s >&5
/usr/bin/ld: cannot find -ldxml
collect2: ld returned 1 exit status
configure:8695: $? = 1
configure: failed program was:
| /* confdefs.h.  */
| 
| #define PACKAGE_NAME "SUNDIALS"
| #define PACKAGE_TARNAME "sundials"
| #define PACKAGE_VERSION "2.5.0"
| #define PACKAGE_STRING "SUNDIALS 2.5.0"
| #define PACKAGE_BUGREPORT "radu@llnl.gov"
| #define HAVE_SYS_TYPES_H 1
| #define HAVE_SYS_STAT_H 1
| #define HAVE_STDLIB_H 1
| #define HAVE_STRING_H 1
| #define HAVE_MEMORY_H 1
| #define HAVE_STRINGS_H 1
| #define HAVE_INTTYPES_H 1
| #define HAVE_STDINT_H 1
| #define HAVE_UNISTD_H 1
| #define SUNDIALS_DOUBLE_PRECISION 1
| #define STDC_HEADERS 1
| #define HAVE_STDLIB_H 1
| #define HAVE_FLOAT_H 1
| #define HAVE_MATH_H 1
| #define HAVE_LIBM 1
| #define HAVE_LIBM 1
| #define HAVE_LIBM 1
| #define HAVE_LIBM 1
| #define SUNDIALS_USE_GENERIC_MATH 1
| #define SIZEOF_INT 4
| #define SIZEOF_LONG_INT 8
| #define SIZEOF_DOUBLE 8
| #define SUNDIALS_F77_FUNC(name,NAME) name ## _
| #define SUNDIALS_F77_FUNC_(name,NAME) name ## __
| /* end confdefs.h.  */
| 
| /* Override any gcc2 internal prototype to avoid an error.  */
| #ifdef __cplusplus
| extern "C"
| #endif
| /* We use char because int might match the return type of a gcc2
|    builtin and then its argument prototype would still apply.  */
| char dgemm_ ();
| int
| main ()
| {
| dgemm_ ();
|   ;
|   return 0;
| }
configure:8721: result: no
configure:8875: checking for dgemm_ in -lscs
configure:8905: cc -o conftest -g -O2   conftest.c -lscs  -lm   -L/usr/lib/gcc/x86_64-redhat-linux/3.4.6 -L/usr/lib/gcc/x86_64-redhat-linux/3.4.6/../../../../lib64 -L/usr/lib/gcc/x86_64-redhat-linux/3.4.6/../../.. -L/lib/../lib64 -L/usr/lib/../lib64 -lfrtbegin -lg2c -lm -lgcc_s >&5
/usr/bin/ld: cannot find -lscs
collect2: ld returned 1 exit status
configure:8911: $? = 1
configure: failed program was:
| /* confdefs.h.  */
| 
| #define PACKAGE_NAME "SUNDIALS"
| #define PACKAGE_TARNAME "sundials"
| #define PACKAGE_VERSION "2.5.0"
| #define PACKAGE_STRING "SUNDIALS 2.5.0"
| #define PACKAGE_BUGREPORT "radu@llnl.gov"
| #define HAVE_SYS_TYPES_H 1
| #define HAVE_SYS_STAT_H 1
| #define HAVE_STDLIB_H 1
| #define HAVE_STRING_H 1
| #define HAVE_MEMORY_H 1
| #define HAVE_STRINGS_H 1
| #define HAVE_INTTYPES_H 1
| #define HAVE_STDINT_H 1
| #define HAVE_UNISTD_H 1
| #define SUNDIALS_DOUBLE_PRECISION 1
| #define STDC_HEADERS 1
| #define HAVE_STDLIB_H 1
| #define HAVE_FLOAT_H 1
| #define HAVE_MATH_H 1
| #define HAVE_LIBM 1
| #define HAVE_LIBM 1
| #define HAVE_LIBM 1
| #define HAVE_LIBM 1
| #define SUNDIALS_USE_GENERIC_MATH 1
| #define SIZEOF_INT 4
| #define SIZEOF_LONG_INT 8
| #define SIZEOF_DOUBLE 8
| #define SUNDIALS_F77_FUNC(name,NAME) name ## _
| #define SUNDIALS_F77_FUNC_(name,NAME) name ## __
| /* end confdefs.h.  */
| 
| /* Override any gcc2 internal prototype to avoid an error.  */
| #ifdef __cplusplus
| extern "C"
| #endif
| /* We use char because int might match the return type of a gcc2
|    builtin and then its argument prototype would still apply.  */
| char dgemm_ ();
| int
| main ()
| {
| dgemm_ ();
|   ;
|   return 0;
| }
configure:8937: result: no
configure:8948: checking for dgemm_ in -lcomplib.sgimath
configure:8978: cc -o conftest -g -O2   conftest.c -lcomplib.sgimath  -lm   -L/usr/lib/gcc/x86_64-redhat-linux/3.4.6 -L/usr/lib/gcc/x86_64-redhat-linux/3.4.6/../../../../lib64 -L/usr/lib/gcc/x86_64-redhat-linux/3.4.6/../../.. -L/lib/../lib64 -L/usr/lib/../lib64 -lfrtbegin -lg2c -lm -lgcc_s >&5
/usr/bin/ld: cannot find -lcomplib.sgimath
collect2: ld returned 1 exit status
configure:8984: $? = 1
configure: failed program was:
| /* confdefs.h.  */
| 
| #define PACKAGE_NAME "SUNDIALS"
| #define PACKAGE_TARNAME "sundials"
| #define PACKAGE_VERSION "2.5.0"
| #define PACKAGE_STRING "SUNDIALS 2.5.0"
| #define PACKAGE_BUGREPORT "radu@llnl.gov"
| #define HAVE_SYS_TYPES_H 1
| #define HAVE_SYS_STAT_H 1
| #define HAVE_STDLIB_H 1
| #define HAVE_STRING_H 1
| #define HAVE_MEMORY_H 1
| #define HAVE_STRINGS_H 1
| #define HAVE_INTTYPES_H 1
| #define HAVE_STDINT_H 1
| #define HAVE_UNISTD_H 1
| #define SUNDIALS_DOUBLE_PRECISION 1
| #define STDC_HEADERS 1
| #define HAVE_STDLIB_H 1
| #define HAVE_FLOAT_H 1
| #define HAVE_MATH_H 1
| #define HAVE_LIBM 1
| #define HAVE_LIBM 1
| #define HAVE_LIBM 1
| #define HAVE_LIBM 1
| #define SUNDIALS_USE_GENERIC_MATH 1
| #define SIZEOF_INT 4
| #define SIZEOF_LONG_INT 8
| #define SIZEOF_DOUBLE 8
| #define SUNDIALS_F77_FUNC(name,NAME) name ## _
| #define SUNDIALS_F77_FUNC_(name,NAME) name ## __
| /* end confdefs.h.  */
| 
| /* Override any gcc2 internal prototype to avoid an error.  */
| #ifdef __cplusplus
| extern "C"
| #endif
| /* We use char because int might match the return type of a gcc2
|    builtin and then its argument prototype would still apply.  */
| char dgemm_ ();
| int
| main ()
| {
| dgemm_ ();
|   ;
|   return 0;
| }
configure:9010: result: no
configure:9021: checking for dgemm_ in -lblas
configure:9051: cc -o conftest -g -O2   conftest.c -lblas  -lm   -L/usr/lib/gcc/x86_64-redhat-linux/3.4.6 -L/usr/lib/gcc/x86_64-redhat-linux/3.4.6/../../../../lib64 -L/usr/lib/gcc/x86_64-redhat-linux/3.4.6/../../.. -L/lib/../lib64 -L/usr/lib/../lib64 -lfrtbegin -lg2c -lm -lgcc_s >&5
configure:9057: $? = 0
configure:9061: test -z 
			 || test ! -s conftest.err
configure:9064: $? = 0
configure:9067: test -s conftest
configure:9070: $? = 0
configure:9083: result: yes
configure:9087: checking for dgemm_ in -lessl
configure:9117: cc -o conftest -g -O2   conftest.c -lessl -lblas  -L/usr/lib/gcc/x86_64-redhat-linux/3.4.6 -L/usr/lib/gcc/x86_64-redhat-linux/3.4.6/../../../../lib64 -L/usr/lib/gcc/x86_64-redhat-linux/3.4.6/../../.. -L/lib/../lib64 -L/usr/lib/../lib64 -lfrtbegin -lg2c -lm -lgcc_s -lm   -L/usr/lib/gcc/x86_64-redhat-linux/3.4.6 -L/usr/lib/gcc/x86_64-redhat-linux/3.4.6/../../../../lib64 -L/usr/lib/gcc/x86_64-redhat-linux/3.4.6/../../.. -L/lib/../lib64 -L/usr/lib/../lib64 -lfrtbegin -lg2c -lm -lgcc_s >&5
/usr/bin/ld: cannot find -lessl
collect2: ld returned 1 exit status
configure:9123: $? = 1
configure: failed program was:
| /* confdefs.h.  */
| 
| #define PACKAGE_NAME "SUNDIALS"
| #define PACKAGE_TARNAME "sundials"
| #define PACKAGE_VERSION "2.5.0"
| #define PACKAGE_STRING "SUNDIALS 2.5.0"
| #define PACKAGE_BUGREPORT "radu@llnl.gov"
| #define HAVE_SYS_TYPES_H 1
| #define HAVE_SYS_STAT_H 1
| #define HAVE_STDLIB_H 1
| #define HAVE_STRING_H 1
| #define HAVE_MEMORY_H 1
| #define HAVE_STRINGS_H 1
| #define HAVE_INTTYPES_H 1
| #define HAVE_STDINT_H 1
| #define HAVE_UNISTD_H 1
| #define SUNDIALS_DOUBLE_PRECISION 1
| #define STDC_HEADERS 1
| #define HAVE_STDLIB_H 1
| #define HAVE_FLOAT_H 1
| #define HAVE_MATH_H 1
| #define HAVE_LIBM 1
| #define HAVE_LIBM 1
| #define HAVE_LIBM 1
| #define HAVE_LIBM 1
| #define SUNDIALS_USE_GENERIC_MATH 1
| #define SIZEOF_INT 4
| #define SIZEOF_LONG_INT 8
| #define SIZEOF_DOUBLE 8
| #define SUNDIALS_F77_FUNC(name,NAME) name ## _
| #define SUNDIALS_F77_FUNC_(name,NAME) name ## __
| /* end confdefs.h.  */
| 
| /* Override any gcc2 internal prototype to avoid an error.  */
| #ifdef __cplusplus
| extern "C"
| #endif
| /* We use char because int might match the return type of a gcc2
|    builtin and then its argument prototype would still apply.  */
| char dgemm_ ();
| int
| main ()
| {
| dgemm_ ();
|   ;
|   return 0;
| }
configure:9149: result: no
configure:9162: checking for dgemm_ in -lblas
configure:9224: result: yes
configure:9316: checking for dgetrf_
configure:9373: cc -o conftest -g -O2   conftest.c -lm  -lblas  -L/usr/lib/gcc/x86_64-redhat-linux/3.4.6 -L/usr/lib/gcc/x86_64-redhat-linux/3.4.6/../../../../lib64 -L/usr/lib/gcc/x86_64-redhat-linux/3.4.6/../../.. -L/lib/../lib64 -L/usr/lib/../lib64 -lfrtbegin -lg2c -lm -lgcc_s >&5
/tmp/ccp5wwLL.o: In function `main':
/u/ruixu/cvode/conftest.c:72: undefined reference to `dgetrf_'
/tmp/ccp5wwLL.o:(.data+0x0): undefined reference to `dgetrf_'
collect2: ld returned 1 exit status
configure:9379: $? = 1
configure: failed program was:
| /* confdefs.h.  */
| 
| #define PACKAGE_NAME "SUNDIALS"
| #define PACKAGE_TARNAME "sundials"
| #define PACKAGE_VERSION "2.5.0"
| #define PACKAGE_STRING "SUNDIALS 2.5.0"
| #define PACKAGE_BUGREPORT "radu@llnl.gov"
| #define HAVE_SYS_TYPES_H 1
| #define HAVE_SYS_STAT_H 1
| #define HAVE_STDLIB_H 1
| #define HAVE_STRING_H 1
| #define HAVE_MEMORY_H 1
| #define HAVE_STRINGS_H 1
| #define HAVE_INTTYPES_H 1
| #define HAVE_STDINT_H 1
| #define HAVE_UNISTD_H 1
| #define SUNDIALS_DOUBLE_PRECISION 1
| #define STDC_HEADERS 1
| #define HAVE_STDLIB_H 1
| #define HAVE_FLOAT_H 1
| #define HAVE_MATH_H 1
| #define HAVE_LIBM 1
| #define HAVE_LIBM 1
| #define HAVE_LIBM 1
| #define HAVE_LIBM 1
| #define SUNDIALS_USE_GENERIC_MATH 1
| #define SIZEOF_INT 4
| #define SIZEOF_LONG_INT 8
| #define SIZEOF_DOUBLE 8
| #define SUNDIALS_F77_FUNC(name,NAME) name ## _
| #define SUNDIALS_F77_FUNC_(name,NAME) name ## __
| /* end confdefs.h.  */
| /* Define dgetrf_ to an innocuous variant, in case <limits.h> declares dgetrf_.
|    For example, HP-UX 11i <limits.h> declares gettimeofday.  */
| #define dgetrf_ innocuous_dgetrf_
| 
| /* System header to define __stub macros and hopefully few prototypes,
|     which can conflict with char dgetrf_ (); below.
|     Prefer <limits.h> to <assert.h> if __STDC__ is defined, since
|     <limits.h> exists even on freestanding compilers.  */
| 
| #ifdef __STDC__
| # include <limits.h>
| #else
| # include <assert.h>
| #endif
| 
| #undef dgetrf_
| 
| /* Override any gcc2 internal prototype to avoid an error.  */
| #ifdef __cplusplus
| extern "C"
| {
| #endif
| /* We use char because int might match the return type of a gcc2
|    builtin and then its argument prototype would still apply.  */
| char dgetrf_ ();
| /* The GNU C library defines this for functions which it implements
|     to always fail with ENOSYS.  Some functions are actually named
|     something starting with __ and the normal name is an alias.  */
| #if defined (__stub_dgetrf_) || defined (__stub___dgetrf_)
| choke me
| #else
| char (*f) () = dgetrf_;
| #endif
| #ifdef __cplusplus
| }
| #endif
| 
| int
| main ()
| {
| return f != dgetrf_;
|   ;
|   return 0;
| }
configure:9404: result: no
configure:9419: checking for dgetrf_ in -llapack
configure:9449: cc -o conftest -g -O2   conftest.c -llapack  -L/usr/lib/gcc/x86_64-redhat-linux/3.4.6 -L/usr/lib/gcc/x86_64-redhat-linux/3.4.6/../../../../lib64 -L/usr/lib/gcc/x86_64-redhat-linux/3.4.6/../../.. -L/lib/../lib64 -L/usr/lib/../lib64 -lfrtbegin -lg2c -lm -lgcc_s -lblas -lm  >&5
configure:9455: $? = 0
configure:9459: test -z 
			 || test ! -s conftest.err
configure:9462: $? = 0
configure:9465: test -s conftest
configure:9468: $? = 0
configure:9481: result: yes
configure:9504: checking for Blas/Lapack library linkage
configure:9507: result: -llapack -lblas
configure:9642: checking if using MPI-C script
configure:9663: result: yes
configure:9681: checking if absolute path to mpicc was given
configure:9711: result: no
configure:9720: checking for mpicc
configure:9738: found /usr/local/openmpi/1.6.3/gcc/x86_64/bin/mpicc
configure:9751: result: /usr/local/openmpi/1.6.3/gcc/x86_64/bin/mpicc
configure:10200: checking for MPI_Comm_f2c() from MPI-2 specification
configure:10225: /usr/local/openmpi/1.6.3/gcc/x86_64/bin/mpicc -o conftest -g -O2 -I/usr/local/openmpi/1.6.3/gcc/x86_64/bin/../include -L/usr/local/openmpi/1.6.3/gcc/x86_64/bin/../lib conftest.c -lm  >&5
configure:10231: $? = 0
configure:10235: test -z 
			 || test ! -s conftest.err
configure:10238: $? = 0
configure:10241: test -s conftest
configure:10244: $? = 0
configure:10246: result: yes
configure:11212: checking for a sed that does not truncate output
configure:11268: result: /bin/sed
configure:11282: checking for ld used by cc
configure:11349: result: /usr/bin/ld
configure:11358: checking if the linker (/usr/bin/ld) is GNU ld
configure:11373: result: yes
configure:11378: checking for /usr/bin/ld option to reload object files
configure:11385: result: -r
configure:11403: checking for BSD-compatible nm
configure:11452: result: /usr/bin/nm -B
configure:11456: checking whether ln -s works
configure:11460: result: yes
configure:11467: checking how to recognise dependent libraries
configure:11643: result: pass_all
configure:11730: cc -c -g -O2  conftest.c >&5
configure:11733: $? = 0
configure:12132: checking dlfcn.h usability
configure:12144: cc -c -g -O2  conftest.c >&5
configure:12150: $? = 0
configure:12154: test -z 
			 || test ! -s conftest.err
configure:12157: $? = 0
configure:12160: test -s conftest.o
configure:12163: $? = 0
configure:12173: result: yes
configure:12177: checking dlfcn.h presence
configure:12187: cc -E  conftest.c
configure:12193: $? = 0
configure:12213: result: yes
configure:12248: checking for dlfcn.h
configure:12255: result: yes
configure:12320: checking for g++
configure:12336: found /usr/bin/g++
configure:12346: result: g++
configure:12362: checking for C++ compiler version
configure:12365: g++ --version </dev/null >&5
g++ (GCC) 4.4.7 20120313 (Red Hat 4.4.7-16)
Copyright (C) 2010 Free Software Foundation, Inc.
This is free software; see the source for copying conditions.  There is NO
warranty; not even for MERCHANTABILITY or FITNESS FOR A PARTICULAR PURPOSE.

configure:12368: $? = 0
configure:12370: g++ -v </dev/null >&5
Using built-in specs.
Target: x86_64-redhat-linux
Configured with: ../configure --prefix=/usr --mandir=/usr/share/man --infodir=/usr/share/info --with-bugurl=http://bugzilla.redhat.com/bugzilla --enable-bootstrap --enable-shared --enable-threads=posix --enable-checking=release --with-system-zlib --enable-__cxa_atexit --disable-libunwind-exceptions --enable-gnu-unique-object --enable-languages=c,c++,objc,obj-c++,java,fortran,ada --enable-java-awt=gtk --disable-dssi --with-java-home=/usr/lib/jvm/java-1.5.0-gcj-1.5.0.0/jre --enable-libgcj-multifile --enable-java-maintainer-mode --with-ecj-jar=/usr/share/java/eclipse-ecj.jar --disable-libjava-multilib --with-ppl --with-cloog --with-tune=generic --with-arch_32=i686 --build=x86_64-redhat-linux
Thread model: posix
gcc version 4.4.7 20120313 (Red Hat 4.4.7-16) (GCC) 
configure:12373: $? = 0
configure:12375: g++ -V </dev/null >&5
g++: '-V' option must have argument
configure:12378: $? = 1
configure:12381: checking whether we are using the GNU C++ compiler
configure:12405: g++ -c   conftest.cc >&5
configure:12411: $? = 0
configure:12415: test -z 
			 || test ! -s conftest.err
configure:12418: $? = 0
configure:12421: test -s conftest.o
configure:12424: $? = 0
configure:12437: result: yes
configure:12443: checking whether g++ accepts -g
configure:12464: g++ -c -g  conftest.cc >&5
configure:12470: $? = 0
configure:12474: test -z 
			 || test ! -s conftest.err
configure:12477: $? = 0
configure:12480: test -s conftest.o
configure:12483: $? = 0
configure:12494: result: yes
configure:12536: g++ -c -g -O2  conftest.cc >&5
configure:12542: $? = 0
configure:12546: test -z 
			 || test ! -s conftest.err
configure:12549: $? = 0
configure:12552: test -s conftest.o
configure:12555: $? = 0
configure:12581: g++ -c -g -O2  conftest.cc >&5
conftest.cc: In function 'int main()':
conftest.cc:40: error: 'exit' was not declared in this scope
configure:12587: $? = 1
configure: failed program was:
| /* confdefs.h.  */
| 
| #define PACKAGE_NAME "SUNDIALS"
| #define PACKAGE_TARNAME "sundials"
| #define PACKAGE_VERSION "2.5.0"
| #define PACKAGE_STRING "SUNDIALS 2.5.0"
| #define PACKAGE_BUGREPORT "radu@llnl.gov"
| #define HAVE_SYS_TYPES_H 1
| #define HAVE_SYS_STAT_H 1
| #define HAVE_STDLIB_H 1
| #define HAVE_STRING_H 1
| #define HAVE_MEMORY_H 1
| #define HAVE_STRINGS_H 1
| #define HAVE_INTTYPES_H 1
| #define HAVE_STDINT_H 1
| #define HAVE_UNISTD_H 1
| #define SUNDIALS_DOUBLE_PRECISION 1
| #define STDC_HEADERS 1
| #define HAVE_STDLIB_H 1
| #define HAVE_FLOAT_H 1
| #define HAVE_MATH_H 1
| #define HAVE_LIBM 1
| #define HAVE_LIBM 1
| #define HAVE_LIBM 1
| #define HAVE_LIBM 1
| #define SUNDIALS_USE_GENERIC_MATH 1
| #define SIZEOF_INT 4
| #define SIZEOF_LONG_INT 8
| #define SIZEOF_DOUBLE 8
| #define SUNDIALS_F77_FUNC(name,NAME) name ## _
| #define SUNDIALS_F77_FUNC_(name,NAME) name ## __
| #define SUNDIALS_BLAS_LAPACK 1
| #define SUNDIALS_MPI_COMM_F2C 1
| #define HAVE_DLFCN_H 1
| /* end confdefs.h.  */
| 
| int
| main ()
| {
| exit (42);
|   ;
|   return 0;
| }
configure:12536: g++ -c -g -O2  conftest.cc >&5
conftest.cc:36: error: 'void std::exit(int)' should have been declared inside 'std'
configure:12542: $? = 1
configure: failed program was:
| /* confdefs.h.  */
| 
| #define PACKAGE_NAME "SUNDIALS"
| #define PACKAGE_TARNAME "sundials"
| #define PACKAGE_VERSION "2.5.0"
| #define PACKAGE_STRING "SUNDIALS 2.5.0"
| #define PACKAGE_BUGREPORT "radu@llnl.gov"
| #define HAVE_SYS_TYPES_H 1
| #define HAVE_SYS_STAT_H 1
| #define HAVE_STDLIB_H 1
| #define HAVE_STRING_H 1
| #define HAVE_MEMORY_H 1
| #define HAVE_STRINGS_H 1
| #define HAVE_INTTYPES_H 1
| #define HAVE_STDINT_H 1
| #define HAVE_UNISTD_H 1
| #define SUNDIALS_DOUBLE_PRECISION 1
| #define STDC_HEADERS 1
| #define HAVE_STDLIB_H 1
| #define HAVE_FLOAT_H 1
| #define HAVE_MATH_H 1
| #define HAVE_LIBM 1
| #define HAVE_LIBM 1
| #define HAVE_LIBM 1
| #define HAVE_LIBM 1
| #define SUNDIALS_USE_GENERIC_MATH 1
| #define SIZEOF_INT 4
| #define SIZEOF_LONG_INT 8
| #define SIZEOF_DOUBLE 8
| #define SUNDIALS_F77_FUNC(name,NAME) name ## _
| #define SUNDIALS_F77_FUNC_(name,NAME) name ## __
| #define SUNDIALS_BLAS_LAPACK 1
| #define SUNDIALS_MPI_COMM_F2C 1
| #define HAVE_DLFCN_H 1
| /* end confdefs.h.  */
| extern "C" void std::exit (int) throw (); using std::exit;
| #include <stdlib.h>
| int
| main ()
| {
| exit (42);
|   ;
|   return 0;
| }
configure:12536: g++ -c -g -O2  conftest.cc >&5
conftest.cc:36: error: 'void std::exit(int)' should have been declared inside 'std'
In file included from conftest.cc:37:
/usr/include/stdlib.h:544: error: declaration of 'void std::exit(int) throw ()' throws different exceptions
conftest.cc:36: error: from previous declaration 'void std::exit(int)'
configure:12542: $? = 1
configure: failed program was:
| /* confdefs.h.  */
| 
| #define PACKAGE_NAME "SUNDIALS"
| #define PACKAGE_TARNAME "sundials"
| #define PACKAGE_VERSION "2.5.0"
| #define PACKAGE_STRING "SUNDIALS 2.5.0"
| #define PACKAGE_BUGREPORT "radu@llnl.gov"
| #define HAVE_SYS_TYPES_H 1
| #define HAVE_SYS_STAT_H 1
| #define HAVE_STDLIB_H 1
| #define HAVE_STRING_H 1
| #define HAVE_MEMORY_H 1
| #define HAVE_STRINGS_H 1
| #define HAVE_INTTYPES_H 1
| #define HAVE_STDINT_H 1
| #define HAVE_UNISTD_H 1
| #define SUNDIALS_DOUBLE_PRECISION 1
| #define STDC_HEADERS 1
| #define HAVE_STDLIB_H 1
| #define HAVE_FLOAT_H 1
| #define HAVE_MATH_H 1
| #define HAVE_LIBM 1
| #define HAVE_LIBM 1
| #define HAVE_LIBM 1
| #define HAVE_LIBM 1
| #define SUNDIALS_USE_GENERIC_MATH 1
| #define SIZEOF_INT 4
| #define SIZEOF_LONG_INT 8
| #define SIZEOF_DOUBLE 8
| #define SUNDIALS_F77_FUNC(name,NAME) name ## _
| #define SUNDIALS_F77_FUNC_(name,NAME) name ## __
| #define SUNDIALS_BLAS_LAPACK 1
| #define SUNDIALS_MPI_COMM_F2C 1
| #define HAVE_DLFCN_H 1
| /* end confdefs.h.  */
| extern "C" void std::exit (int); using std::exit;
| #include <stdlib.h>
| int
| main ()
| {
| exit (42);
|   ;
|   return 0;
| }
configure:12536: g++ -c -g -O2  conftest.cc >&5
configure:12542: $? = 0
configure:12546: test -z 
			 || test ! -s conftest.err
configure:12549: $? = 0
configure:12552: test -s conftest.o
configure:12555: $? = 0
configure:12581: g++ -c -g -O2  conftest.cc >&5
configure:12587: $? = 0
configure:12591: test -z 
			 || test ! -s conftest.err
configure:12594: $? = 0
configure:12597: test -s conftest.o
configure:12600: $? = 0
configure:12633: checking how to run the C++ preprocessor
configure:12664: g++ -E  conftest.cc
configure:12670: $? = 0
configure:12702: g++ -E  conftest.cc
conftest.cc:39:28: error: ac_nonexistent.h: No such file or directory
configure:12708: $? = 1
configure: failed program was:
| /* confdefs.h.  */
| 
| #define PACKAGE_NAME "SUNDIALS"
| #define PACKAGE_TARNAME "sundials"
| #define PACKAGE_VERSION "2.5.0"
| #define PACKAGE_STRING "SUNDIALS 2.5.0"
| #define PACKAGE_BUGREPORT "radu@llnl.gov"
| #define HAVE_SYS_TYPES_H 1
| #define HAVE_SYS_STAT_H 1
| #define HAVE_STDLIB_H 1
| #define HAVE_STRING_H 1
| #define HAVE_MEMORY_H 1
| #define HAVE_STRINGS_H 1
| #define HAVE_INTTYPES_H 1
| #define HAVE_STDINT_H 1
| #define HAVE_UNISTD_H 1
| #define SUNDIALS_DOUBLE_PRECISION 1
| #define STDC_HEADERS 1
| #define HAVE_STDLIB_H 1
| #define HAVE_FLOAT_H 1
| #define HAVE_MATH_H 1
| #define HAVE_LIBM 1
| #define HAVE_LIBM 1
| #define HAVE_LIBM 1
| #define HAVE_LIBM 1
| #define SUNDIALS_USE_GENERIC_MATH 1
| #define SIZEOF_INT 4
| #define SIZEOF_LONG_INT 8
| #define SIZEOF_DOUBLE 8
| #define SUNDIALS_F77_FUNC(name,NAME) name ## _
| #define SUNDIALS_F77_FUNC_(name,NAME) name ## __
| #define SUNDIALS_BLAS_LAPACK 1
| #define SUNDIALS_MPI_COMM_F2C 1
| #define HAVE_DLFCN_H 1
| #ifdef __cplusplus
| extern "C" void exit (int) throw ();
| #endif
| /* end confdefs.h.  */
| #include <ac_nonexistent.h>
configure:12747: result: g++ -E
configure:12771: g++ -E  conftest.cc
configure:12777: $? = 0
configure:12809: g++ -E  conftest.cc
conftest.cc:39:28: error: ac_nonexistent.h: No such file or directory
configure:12815: $? = 1
configure: failed program was:
| /* confdefs.h.  */
| 
| #define PACKAGE_NAME "SUNDIALS"
| #define PACKAGE_TARNAME "sundials"
| #define PACKAGE_VERSION "2.5.0"
| #define PACKAGE_STRING "SUNDIALS 2.5.0"
| #define PACKAGE_BUGREPORT "radu@llnl.gov"
| #define HAVE_SYS_TYPES_H 1
| #define HAVE_SYS_STAT_H 1
| #define HAVE_STDLIB_H 1
| #define HAVE_STRING_H 1
| #define HAVE_MEMORY_H 1
| #define HAVE_STRINGS_H 1
| #define HAVE_INTTYPES_H 1
| #define HAVE_STDINT_H 1
| #define HAVE_UNISTD_H 1
| #define SUNDIALS_DOUBLE_PRECISION 1
| #define STDC_HEADERS 1
| #define HAVE_STDLIB_H 1
| #define HAVE_FLOAT_H 1
| #define HAVE_MATH_H 1
| #define HAVE_LIBM 1
| #define HAVE_LIBM 1
| #define HAVE_LIBM 1
| #define HAVE_LIBM 1
| #define SUNDIALS_USE_GENERIC_MATH 1
| #define SIZEOF_INT 4
| #define SIZEOF_LONG_INT 8
| #define SIZEOF_DOUBLE 8
| #define SUNDIALS_F77_FUNC(name,NAME) name ## _
| #define SUNDIALS_F77_FUNC_(name,NAME) name ## __
| #define SUNDIALS_BLAS_LAPACK 1
| #define SUNDIALS_MPI_COMM_F2C 1
| #define HAVE_DLFCN_H 1
| #ifdef __cplusplus
| extern "C" void exit (int) throw ();
| #endif
| /* end confdefs.h.  */
| #include <ac_nonexistent.h>
configure:12865: checking the maximum length of command line arguments
configure:12974: result: 32768
configure:12985: checking command to parse /usr/bin/nm -B output from cc object
configure:13090: g++ -c -g -O2  conftest.cc >&5
configure:13093: $? = 0
configure:13097: /usr/bin/nm -B conftest.o \| sed -n -e 's/^.*[ 	]\([ABCDGIRSTW][ABCDGIRSTW]*\)[ 	][ 	]*\([_A-Za-z][_A-Za-z0-9]*\)$/\1 \2 \2/p' \> conftest.nm
configure:13100: $? = 0
configure:13152: g++ -o conftest -g -O2   conftest.cc conftstm.o >&5
configure:13155: $? = 0
configure:13193: result: ok
configure:13197: checking for objdir
configure:13212: result: .libs
configure:13302: checking for ar
configure:13318: found /usr/bin/ar
configure:13329: result: ar
configure:13382: checking for ranlib
configure:13398: found /usr/bin/ranlib
configure:13409: result: ranlib
configure:13462: checking for strip
configure:13478: found /usr/bin/strip
configure:13489: result: strip
configure:13762: checking if cc supports -fno-rtti -fno-exceptions
configure:13780: cc -c -g -O2  -fno-rtti -fno-exceptions conftest.c >&5
cc1: warning: command line option "-fno-rtti" is valid for C++/ObjC++ but not for C
configure:13784: $? = 0
configure:13797: result: no
configure:13812: checking for cc option to produce PIC
configure:14022: result: -fPIC
configure:14030: checking if cc PIC flag -fPIC works
configure:14048: cc -c -g -O2  -fPIC -DPIC conftest.c >&5
configure:14052: $? = 0
configure:14065: result: yes
configure:14093: checking if cc static flag -static works
configure:14121: result: yes
configure:14131: checking if cc supports -c -o file.o
configure:14152: cc -c -g -O2  -o out/conftest2.o conftest.c >&5
configure:14156: $? = 0
configure:14178: result: yes
configure:14204: checking whether the cc linker (/usr/bin/ld -m elf_x86_64) supports shared libraries
configure:15162: result: yes
configure:15229: checking dynamic linker characteristics
configure:15622: cc -c -g -O2  conftest.c >&5
configure:15625: $? = 0
configure:15838: result: GNU/Linux ld.so
configure:15847: checking how to hardcode library paths into programs
configure:15872: result: immediate
configure:15886: checking whether stripping libraries is possible
configure:15891: result: yes
configure:16725: checking if libtool supports shared libraries
configure:16727: result: yes
configure:16730: checking whether to build shared libraries
configure:16751: result: no
configure:16754: checking whether to build static libraries
configure:16758: result: yes
configure:16850: creating libtool
configure:17442: checking for ld used by g++
configure:17509: result: /usr/bin/ld -m elf_x86_64
configure:17518: checking if the linker (/usr/bin/ld -m elf_x86_64) is GNU ld
configure:17533: result: yes
configure:17584: checking whether the g++ linker (/usr/bin/ld -m elf_x86_64) supports shared libraries
configure:18522: result: yes
configure:18540: g++ -c -g -O2  conftest.cpp >&5
configure:18543: $? = 0
configure:18662: checking for g++ option to produce PIC
configure:18936: result: -fPIC
configure:18944: checking if g++ PIC flag -fPIC works
configure:18962: g++ -c -g -O2  -fPIC -DPIC conftest.cpp >&5
configure:18966: $? = 0
configure:18979: result: yes
configure:19007: checking if g++ static flag -static works
configure:19035: result: yes
configure:19045: checking if g++ supports -c -o file.o
configure:19066: g++ -c -g -O2  -o out/conftest2.o conftest.cpp >&5
configure:19070: $? = 0
configure:19092: result: yes
configure:19118: checking whether the g++ linker (/usr/bin/ld -m elf_x86_64) supports shared libraries
configure:19143: result: yes
configure:19210: checking dynamic linker characteristics
configure:19603: g++ -c -g -O2  conftest.cpp >&5
configure:19606: $? = 0
configure:19819: result: GNU/Linux ld.so
configure:19828: checking how to hardcode library paths into programs
configure:19853: result: immediate
configure:20383: checking if libtool supports shared libraries
configure:20385: result: yes
configure:20388: checking whether to build shared libraries
configure:20408: result: no
configure:20411: checking whether to build static libraries
configure:20415: result: yes
configure:20425: checking for f77 option to produce PIC
configure:20635: result: -fPIC
configure:20643: checking if f77 PIC flag -fPIC works
configure:20661: f77 -c -g -O2 -fPIC conftest.f >&5
configure:20665: $? = 0
configure:20678: result: yes
configure:20706: checking if f77 static flag -static works
configure:20734: result: yes
configure:20744: checking if f77 supports -c -o file.o
configure:20765: f77 -c -g -O2 -o out/conftest2.o conftest.f >&5
configure:20769: $? = 0
configure:20791: result: yes
configure:20817: checking whether the f77 linker (/usr/bin/ld -m elf_x86_64) supports shared libraries
configure:21755: result: yes
configure:21822: checking dynamic linker characteristics
configure:22215: f77 -c -g -O2 conftest.f >&5
configure:22218: $? = 0
configure:22431: result: GNU/Linux ld.so
configure:22440: checking how to hardcode library paths into programs
configure:22465: result: immediate
configure:26659: creating ./config.status

## ---------------------- ##
## Running config.status. ##
## ---------------------- ##

This file was extended by SUNDIALS config.status 2.5.0, which was
generated by GNU Autoconf 2.59.  Invocation command line was

  CONFIG_FILES    = 
  CONFIG_HEADERS  = 
  CONFIG_LINKS    = 
  CONFIG_COMMANDS = 
  $ ./config.status 

on ceres.astro.Princeton.EDU

config.status:746: creating Makefile
config.status:746: creating src/sundials/Makefile
config.status:746: creating src/nvec_ser/Makefile
config.status:746: creating src/nvec_par/Makefile
config.status:746: creating src/cvode/Makefile
config.status:746: creating src/cvode/fcmix/Makefile
config.status:746: creating include/sundials/sundials_config.h
config.status:746: creating bin/sundials-config
config.status:850: creating config.h
config.status:980: config.h is unchanged

## ---------------- ##
## Cache variables. ##
## ---------------- ##

ac_cv_build=x86_64-unknown-linux-gnu
ac_cv_build_alias=x86_64-unknown-linux-gnu
ac_cv_c_compiler_gnu=yes
ac_cv_cxx_compiler_gnu=yes
ac_cv_env_CC_set=
ac_cv_env_CC_value=
ac_cv_env_CFLAGS_set=
ac_cv_env_CFLAGS_value=
ac_cv_env_CPPFLAGS_set=
ac_cv_env_CPPFLAGS_value=
ac_cv_env_CPP_set=
ac_cv_env_CPP_value=
ac_cv_env_CXXCPP_set=
ac_cv_env_CXXCPP_value=
ac_cv_env_CXXFLAGS_set=
ac_cv_env_CXXFLAGS_value=
ac_cv_env_CXX_set=
ac_cv_env_CXX_value=
ac_cv_env_F77_set=
ac_cv_env_F77_value=
ac_cv_env_FFLAGS_set=
ac_cv_env_FFLAGS_value=
ac_cv_env_LDFLAGS_set=
ac_cv_env_LDFLAGS_value=
ac_cv_env_build_alias_set=
ac_cv_env_build_alias_value=
ac_cv_env_host_alias_set=
ac_cv_env_host_alias_value=
ac_cv_env_target_alias_set=
ac_cv_env_target_alias_value=
ac_cv_exeext=
ac_cv_f77_compiler_gnu=yes
ac_cv_f77_libs=' -L/usr/lib/gcc/x86_64-redhat-linux/3.4.6 -L/usr/lib/gcc/x86_64-redhat-linux/3.4.6/../../../../lib64 -L/usr/lib/gcc/x86_64-redhat-linux/3.4.6/../../.. -L/lib/../lib64 -L/usr/lib/../lib64 -lfrtbegin -lg2c -lm -lgcc_s'
ac_cv_func_dgemm_=no
ac_cv_func_dgetrf_=no
ac_cv_header_dlfcn_h=yes
ac_cv_header_float_h=yes
ac_cv_header_inttypes_h=yes
ac_cv_header_math_h=yes
ac_cv_header_memory_h=yes
ac_cv_header_stdc=yes
ac_cv_header_stdint_h=yes
ac_cv_header_stdlib_h=yes
ac_cv_header_string_h=yes
ac_cv_header_strings_h=yes
ac_cv_header_sys_stat_h=yes
ac_cv_header_sys_types_h=yes
ac_cv_header_unistd_h=yes
ac_cv_host=x86_64-unknown-linux-gnu
ac_cv_host_alias=x86_64-unknown-linux-gnu
ac_cv_lib_blas_dgemm_=yes
ac_cv_lib_complib_sgimath_dgemm_=no
ac_cv_lib_cxml_dgemm_=no
ac_cv_lib_dxml_dgemm_=no
ac_cv_lib_essl_dgemm_=no
ac_cv_lib_lapack___dgetrf_=yes
ac_cv_lib_m_abs=yes
ac_cv_lib_m_fabs=yes
ac_cv_lib_m_pow=yes
ac_cv_lib_m_sqrt=yes
ac_cv_lib_scs_dgemm_=no
ac_cv_objext=o
ac_cv_path_MPICC_COMP=/usr/local/openmpi/1.6.3/gcc/x86_64/bin/mpicc
ac_cv_path_install='/usr/bin/install -c'
ac_cv_prog_CPP='cc -E'
ac_cv_prog_CXXCPP='g++ -E'
ac_cv_prog_ac_ct_AR=ar
ac_cv_prog_ac_ct_CC=cc
ac_cv_prog_ac_ct_CXX=g++
ac_cv_prog_ac_ct_F77=f77
ac_cv_prog_ac_ct_RANLIB=ranlib
ac_cv_prog_ac_ct_STRIP=strip
ac_cv_prog_cc_g=yes
ac_cv_prog_cc_stdc=
ac_cv_prog_cxx_g=yes
ac_cv_prog_egrep='grep -E'
ac_cv_prog_f77_g=yes
ac_cv_prog_f77_v=-v
ac_cv_prog_fgrep='grep -F'
ac_cv_prog_make_make_set=yes
ac_cv_sizeof_double=8
ac_cv_sizeof_int=4
ac_cv_sizeof_long_int=8
ac_cv_type_double=yes
ac_cv_type_int=yes
ac_cv_type_long_int=yes
lt_cv_deplibs_check_method=pass_all
lt_cv_file_magic_cmd='$MAGIC_CMD'
lt_cv_file_magic_test_file=
lt_cv_ld_reload_flag=-r
lt_cv_objdir=.libs
lt_cv_path_LD=/usr/bin/ld
lt_cv_path_LDCXX='/usr/bin/ld -m elf_x86_64'
lt_cv_path_NM='/usr/bin/nm -B'
lt_cv_path_SED=/bin/sed
lt_cv_prog_compiler_c_o=yes
lt_cv_prog_compiler_c_o_CXX=yes
lt_cv_prog_compiler_c_o_F77=yes
lt_cv_prog_compiler_rtti_exceptions=no
lt_cv_prog_gnu_ld=yes
lt_cv_prog_gnu_ldcxx=yes
lt_cv_sys_global_symbol_pipe='sed -n -e '\''s/^.*[ 	]\([ABCDGIRSTW][ABCDGIRSTW]*\)[ 	][ 	]*\([_A-Za-z][_A-Za-z0-9]*\)$/\1 \2 \2/p'\'''
lt_cv_sys_global_symbol_to_c_name_address='sed -n -e '\''s/^: \([^ ]*\) $/  {\"\1\", (lt_ptr) 0},/p'\'' -e '\''s/^[BCDEGRST] \([^ ]*\) \([^ ]*\)$/  {"\2", (lt_ptr) \&\2},/p'\'''
lt_cv_sys_global_symbol_to_cdecl='sed -n -e '\''s/^. .* \(.*\)$/extern int \1;/p'\'''
lt_cv_sys_max_cmd_len=32768
lt_lt_cv_prog_compiler_c_o='"yes"'
lt_lt_cv_prog_compiler_c_o_CXX='"yes"'
lt_lt_cv_prog_compiler_c_o_F77='"yes"'
lt_lt_cv_sys_global_symbol_pipe='"sed -n -e '\''s/^.*[ 	]\\([ABCDGIRSTW][ABCDGIRSTW]*\\)[ 	][ 	]*\\([_A-Za-z][_A-Za-z0-9]*\\)\$/\\1 \\2 \\2/p'\''"'
lt_lt_cv_sys_global_symbol_to_c_name_address='"sed -n -e '\''s/^: \\([^ ]*\\) \$/  {\\\"\\1\\\", (lt_ptr) 0},/p'\'' -e '\''s/^[BCDEGRST] \\([^ ]*\\) \\([^ ]*\\)\$/  {\"\\2\", (lt_ptr) \\&\\2},/p'\''"'
lt_lt_cv_sys_global_symbol_to_cdecl='"sed -n -e '\''s/^. .* \\(.*\\)\$/extern int \\1;/p'\''"'

## ----------------- ##
## Output variables. ##
## ----------------- ##

AR='ar'
AS='as'
BLAS_LAPACK_LIBS='-llapack -lblas -lm   -L/usr/lib/gcc/x86_64-redhat-linux/3.4.6 -L/usr/lib/gcc/x86_64-redhat-linux/3.4.6/../../../../lib64 -L/usr/lib/gcc/x86_64-redhat-linux/3.4.6/../../.. -L/lib/../lib64 -L/usr/lib/../lib64 -lfrtbegin -lg2c -lm -lgcc_s'
BLAS_LAPACK_MACRO='#define SUNDIALS_BLAS_LAPACK 1'
CC='cc'
CFLAGS='-g -O2'
CPP='cc -E'
CPPFLAGS=''
CXX='g++'
CXXCPP='g++ -E'
CXXFLAGS='-g -O2'
DEFS='-DHAVE_CONFIG_H'
DLLTOOL='dlltool'
ECHO='echo'
ECHO_C=''
ECHO_N='-n'
ECHO_T=''
EGREP='grep -E'
EXEEXT=''
EXS_INSTDIR=''
EXS_MODULES=''
F77='f77'
F77_CASE=''
F77_LDFLAGS=''
F77_LIBS=''
F77_LNKR='f77'
F77_MANGLE_MACRO1='#define SUNDIALS_F77_FUNC(name,NAME) name ## _'
F77_MANGLE_MACRO2='#define SUNDIALS_F77_FUNC_(name,NAME) name ## __'
F77_MPI_COMM_F2C='#define SUNDIALS_MPI_COMM_F2C 1'
F77_UNDERSCORES=''
FCMIX_ENABLED='yes'
FFLAGS='-g -O2'
FGREP='grep -F'
FLIBS=' -L/usr/lib/gcc/x86_64-redhat-linux/3.4.6 -L/usr/lib/gcc/x86_64-redhat-linux/3.4.6/../../../../lib64 -L/usr/lib/gcc/x86_64-redhat-linux/3.4.6/../../.. -L/lib/../lib64 -L/usr/lib/../lib64 -lfrtbegin -lg2c -lm -lgcc_s'
FLOAT_TYPE='double'
GENERIC_MATH_LIB='#define SUNDIALS_USE_GENERIC_MATH'
INSTALL_DATA='${INSTALL} -m 644'
INSTALL_PROGRAM='${INSTALL}'
INSTALL_SCRIPT='${INSTALL}'
LAPACK_ENABLED='yes'
LDFLAGS=''
LIBOBJS=''
LIBS='-lm '
LIBTOOL='$(SHELL) $(top_builddir)/libtool'
LIBTOOL_DEPS='config/ltmain.sh'
LN_S='ln -s'
LTLIBOBJS=''
MPICC='/usr/local/openmpi/1.6.3/gcc/x86_64/bin/mpicc'
MPICC_COMP='/usr/local/openmpi/1.6.3/gcc/x86_64/bin/mpicc'
MPIF77=''
MPIF77_COMP=''
MPIF77_LNKR=''
MPI_FLAGS=''
MPI_INC_DIR='/usr/local/openmpi/1.6.3/gcc/x86_64/bin/../include'
MPI_LIBS=''
MPI_LIB_DIR='/usr/local/openmpi/1.6.3/gcc/x86_64/bin/../lib'
OBJDUMP='objdump'
OBJEXT='o'
PACKAGE_BUGREPORT='radu@llnl.gov'
PACKAGE_NAME='SUNDIALS'
PACKAGE_STRING='SUNDIALS 2.5.0'
PACKAGE_TARNAME='sundials'
PACKAGE_VERSION='2.5.0'
PATH_SEPARATOR=':'
PRECISION_LEVEL='#define SUNDIALS_DOUBLE_PRECISION 1'
RANLIB='ranlib'
SED='/bin/sed'
SET_MAKE=''
SHARED_LIBS='no'
SHELL='/bin/sh'
SLV_MODULES='src/sundials src/nvec_ser src/nvec_par src/cvode src/cvode/fcmix'
STRIP='strip'
SUNDIALS_EXPORT='#define SUNDIALS_EXPORT'
ac_ct_AR='ar'
ac_ct_AS=''
ac_ct_CC='cc'
ac_ct_CXX='g++'
ac_ct_DLLTOOL=''
ac_ct_F77='f77'
ac_ct_OBJDUMP=''
ac_ct_RANLIB='ranlib'
ac_ct_STRIP='strip'
bindir='${exec_prefix}/bin'
build='x86_64-unknown-linux-gnu'
build_alias=''
build_cpu='x86_64'
build_os='linux-gnu'
build_vendor='unknown'
datadir='${prefix}/share'
exec_prefix='${prefix}'
host='x86_64-unknown-linux-gnu'
host_alias=''
host_cpu='x86_64'
host_os='linux-gnu'
host_vendor='unknown'
includedir='${prefix}/include'
infodir='${prefix}/info'
libdir='${exec_prefix}/lib'
libexecdir='${exec_prefix}/libexec'
localstatedir='${prefix}/var'
mandir='${prefix}/man'
oldincludedir='/usr/include'
prefix='/u/ruixu/myapps'
program_transform_name='s,x,x,'
sbindir='${exec_prefix}/sbin'
sharedstatedir='${prefix}/com'
sysconfdir='${prefix}/etc'
target_alias=''

## ----------- ##
## confdefs.h. ##
## ----------- ##

#define HAVE_DLFCN_H 1
#define HAVE_FLOAT_H 1
#define HAVE_INTTYPES_H 1
#define HAVE_LIBM 1
#define HAVE_LIBM 1
#define HAVE_LIBM 1
#define HAVE_LIBM 1
#define HAVE_MATH_H 1
#define HAVE_MEMORY_H 1
#define HAVE_STDINT_H 1
#define HAVE_STDLIB_H 1
#define HAVE_STDLIB_H 1
#define HAVE_STRINGS_H 1
#define HAVE_STRING_H 1
#define HAVE_SYS_STAT_H 1
#define HAVE_SYS_TYPES_H 1
#define HAVE_UNISTD_H 1
#define PACKAGE_BUGREPORT "radu@llnl.gov"
#define PACKAGE_NAME "SUNDIALS"
#define PACKAGE_STRING "SUNDIALS 2.5.0"
#define PACKAGE_TARNAME "sundials"
#define PACKAGE_VERSION "2.5.0"
#define SIZEOF_DOUBLE 8
#define SIZEOF_INT 4
#define SIZEOF_LONG_INT 8
#define STDC_HEADERS 1
#define SUNDIALS_BLAS_LAPACK 1
#define SUNDIALS_DOUBLE_PRECISION 1
#define SUNDIALS_F77_FUNC(name,NAME) name ## _
#define SUNDIALS_F77_FUNC_(name,NAME) name ## __
#define SUNDIALS_MPI_COMM_F2C 1
#define SUNDIALS_USE_GENERIC_MATH 1
#endif
#ifdef __cplusplus
extern "C" void exit (int) throw ();

configure: exit 0
